{"/Users/jvera/VCS-Workspace/AI-PreSales/4-Development/components/user-management-service/src/index.js": {"path":"/Users/jvera/VCS-Workspace/AI-PreSales/4-Development/components/user-management-service/src/index.js","statementMap":{"0":{"start":{"line":1,"column":12},"end":{"line":1,"column":30}},"1":{"start":{"line":4,"column":17},"end":{"line":4,"column":50}},"2":{"start":{"line":7,"column":20},"end":{"line":7,"column":43}},"3":{"start":{"line":8,"column":25},"end":{"line":8,"column":53}},"4":{"start":{"line":14,"column":0},"end":{"line":51,"column":2}},"5":{"start":{"line":15,"column":64},"end":{"line":15,"column":69}},"6":{"start":{"line":17,"column":4},"end":{"line":50,"column":5}},"7":{"start":{"line":19,"column":28},"end":{"line":19,"column":56}},"8":{"start":{"line":22,"column":28},"end":{"line":22,"column":55}},"9":{"start":{"line":23,"column":8},"end":{"line":25,"column":9}},"10":{"start":{"line":24,"column":12},"end":{"line":24,"column":77}},"11":{"start":{"line":28,"column":22},"end":{"line":28,"column":45}},"12":{"start":{"line":30,"column":8},"end":{"line":43,"column":9}},"13":{"start":{"line":32,"column":16},"end":{"line":32,"column":63}},"14":{"start":{"line":34,"column":16},"end":{"line":34,"column":79}},"15":{"start":{"line":36,"column":16},"end":{"line":36,"column":89}},"16":{"start":{"line":38,"column":16},"end":{"line":38,"column":95}},"17":{"start":{"line":40,"column":16},"end":{"line":40,"column":90}},"18":{"start":{"line":42,"column":16},"end":{"line":42,"column":73}},"19":{"start":{"line":45,"column":8},"end":{"line":45,"column":63}},"20":{"start":{"line":46,"column":8},"end":{"line":49,"column":11}},"21":{"start":{"line":57,"column":4},"end":{"line":116,"column":5}},"22":{"start":{"line":58,"column":23},"end":{"line":61,"column":9}},"23":{"start":{"line":63,"column":23},"end":{"line":63,"column":59}},"24":{"start":{"line":65,"column":8},"end":{"line":96,"column":9}},"25":{"start":{"line":67,"column":28},"end":{"line":85,"column":13}},"26":{"start":{"line":87,"column":12},"end":{"line":90,"column":25}},"27":{"start":{"line":92,"column":12},"end":{"line":95,"column":15}},"28":{"start":{"line":99,"column":8},"end":{"line":106,"column":21}},"29":{"start":{"line":108,"column":8},"end":{"line":111,"column":11}},"30":{"start":{"line":114,"column":8},"end":{"line":114,"column":56}},"31":{"start":{"line":115,"column":8},"end":{"line":115,"column":20}},"32":{"start":{"line":123,"column":49},"end":{"line":123,"column":53}},"33":{"start":{"line":125,"column":4},"end":{"line":171,"column":5}},"34":{"start":{"line":126,"column":33},"end":{"line":126,"column":35}},"35":{"start":{"line":127,"column":42},"end":{"line":127,"column":44}},"36":{"start":{"line":129,"column":8},"end":{"line":132,"column":9}},"37":{"start":{"line":130,"column":12},"end":{"line":130,"column":60}},"38":{"start":{"line":131,"column":12},"end":{"line":131,"column":64}},"39":{"start":{"line":134,"column":8},"end":{"line":137,"column":9}},"40":{"start":{"line":135,"column":12},"end":{"line":135,"column":58}},"41":{"start":{"line":136,"column":12},"end":{"line":136,"column":62}},"42":{"start":{"line":139,"column":8},"end":{"line":142,"column":9}},"43":{"start":{"line":140,"column":12},"end":{"line":140,"column":64}},"44":{"start":{"line":141,"column":12},"end":{"line":141,"column":68}},"45":{"start":{"line":144,"column":8},"end":{"line":144,"column":56}},"46":{"start":{"line":145,"column":8},"end":{"line":145,"column":75}},"47":{"start":{"line":147,"column":23},"end":{"line":153,"column":9}},"48":{"start":{"line":155,"column":23},"end":{"line":155,"column":62}},"49":{"start":{"line":158,"column":8},"end":{"line":160,"column":11}},"50":{"start":{"line":162,"column":8},"end":{"line":166,"column":11}},"51":{"start":{"line":169,"column":8},"end":{"line":169,"column":59}},"52":{"start":{"line":170,"column":8},"end":{"line":170,"column":20}},"53":{"start":{"line":179,"column":4},"end":{"line":184,"column":5}},"54":{"start":{"line":180,"column":8},"end":{"line":183,"column":11}},"55":{"start":{"line":186,"column":4},"end":{"line":254,"column":5}},"56":{"start":{"line":187,"column":54},"end":{"line":187,"column":71}},"57":{"start":{"line":189,"column":21},"end":{"line":192,"column":9}},"58":{"start":{"line":194,"column":8},"end":{"line":196,"column":9}},"59":{"start":{"line":195,"column":12},"end":{"line":195,"column":79}},"60":{"start":{"line":199,"column":8},"end":{"line":216,"column":9}},"61":{"start":{"line":200,"column":12},"end":{"line":200,"column":41}},"62":{"start":{"line":201,"column":12},"end":{"line":201,"column":50}},"63":{"start":{"line":203,"column":12},"end":{"line":207,"column":13}},"64":{"start":{"line":204,"column":16},"end":{"line":204,"column":62}},"65":{"start":{"line":205,"column":16},"end":{"line":205,"column":70}},"66":{"start":{"line":206,"column":16},"end":{"line":206,"column":65}},"67":{"start":{"line":209,"column":12},"end":{"line":213,"column":13}},"68":{"start":{"line":210,"column":33},"end":{"line":210,"column":52}},"69":{"start":{"line":211,"column":16},"end":{"line":211,"column":69}},"70":{"start":{"line":212,"column":16},"end":{"line":212,"column":73}},"71":{"start":{"line":215,"column":12},"end":{"line":215,"column":76}},"72":{"start":{"line":218,"column":23},"end":{"line":218,"column":60}},"73":{"start":{"line":221,"column":22},"end":{"line":230,"column":11}},"74":{"start":{"line":221,"column":48},"end":{"line":230,"column":9}},"75":{"start":{"line":232,"column":25},"end":{"line":241,"column":9}},"76":{"start":{"line":243,"column":8},"end":{"line":247,"column":9}},"77":{"start":{"line":244,"column":12},"end":{"line":246,"column":14}},"78":{"start":{"line":249,"column":8},"end":{"line":249,"column":45}},"79":{"start":{"line":252,"column":8},"end":{"line":252,"column":53}},"80":{"start":{"line":253,"column":8},"end":{"line":253,"column":20}},"81":{"start":{"line":262,"column":4},"end":{"line":267,"column":5}},"82":{"start":{"line":263,"column":8},"end":{"line":266,"column":11}},"83":{"start":{"line":269,"column":21},"end":{"line":269,"column":25}},"84":{"start":{"line":270,"column":23},"end":{"line":270,"column":64}},"85":{"start":{"line":272,"column":4},"end":{"line":277,"column":5}},"86":{"start":{"line":273,"column":8},"end":{"line":276,"column":11}},"87":{"start":{"line":279,"column":4},"end":{"line":310,"column":5}},"88":{"start":{"line":280,"column":23},"end":{"line":290,"column":9}},"89":{"start":{"line":292,"column":23},"end":{"line":292,"column":62}},"90":{"start":{"line":295,"column":8},"end":{"line":299,"column":11}},"91":{"start":{"line":301,"column":8},"end":{"line":305,"column":11}},"92":{"start":{"line":308,"column":8},"end":{"line":308,"column":56}},"93":{"start":{"line":309,"column":8},"end":{"line":309,"column":20}},"94":{"start":{"line":318,"column":4},"end":{"line":323,"column":5}},"95":{"start":{"line":319,"column":8},"end":{"line":322,"column":11}},"96":{"start":{"line":325,"column":4},"end":{"line":381,"column":5}},"97":{"start":{"line":326,"column":56},"end":{"line":326,"column":73}},"98":{"start":{"line":328,"column":21},"end":{"line":333,"column":9}},"99":{"start":{"line":335,"column":8},"end":{"line":337,"column":9}},"100":{"start":{"line":336,"column":12},"end":{"line":336,"column":79}},"101":{"start":{"line":340,"column":8},"end":{"line":355,"column":9}},"102":{"start":{"line":341,"column":12},"end":{"line":341,"column":41}},"103":{"start":{"line":342,"column":12},"end":{"line":342,"column":50}},"104":{"start":{"line":344,"column":12},"end":{"line":347,"column":13}},"105":{"start":{"line":345,"column":16},"end":{"line":345,"column":65}},"106":{"start":{"line":346,"column":16},"end":{"line":346,"column":69}},"107":{"start":{"line":349,"column":12},"end":{"line":352,"column":13}},"108":{"start":{"line":350,"column":16},"end":{"line":350,"column":65}},"109":{"start":{"line":351,"column":16},"end":{"line":351,"column":69}},"110":{"start":{"line":354,"column":12},"end":{"line":354,"column":76}},"111":{"start":{"line":357,"column":23},"end":{"line":357,"column":60}},"112":{"start":{"line":359,"column":25},"end":{"line":368,"column":9}},"113":{"start":{"line":370,"column":8},"end":{"line":374,"column":9}},"114":{"start":{"line":371,"column":12},"end":{"line":373,"column":14}},"115":{"start":{"line":376,"column":8},"end":{"line":376,"column":45}},"116":{"start":{"line":379,"column":8},"end":{"line":379,"column":54}},"117":{"start":{"line":380,"column":8},"end":{"line":380,"column":20}},"118":{"start":{"line":388,"column":23},"end":{"line":388,"column":69}},"119":{"start":{"line":389,"column":4},"end":{"line":389,"column":33}},"120":{"start":{"line":389,"column":21},"end":{"line":389,"column":33}},"121":{"start":{"line":393,"column":4},"end":{"line":399,"column":6}},"122":{"start":{"line":406,"column":4},"end":{"line":406,"column":40}},"123":{"start":{"line":413,"column":4},"end":{"line":431,"column":5}},"124":{"start":{"line":414,"column":25},"end":{"line":421,"column":9}},"125":{"start":{"line":423,"column":8},"end":{"line":426,"column":21}},"126":{"start":{"line":429,"column":8},"end":{"line":429,"column":53}},"127":{"start":{"line":438,"column":4},"end":{"line":447,"column":6}}},"fnMap":{"0":{"name":"(anonymous_0)","decl":{"start":{"line":14,"column":18},"end":{"line":14,"column":19}},"loc":{"start":{"line":14,"column":35},"end":{"line":51,"column":1}},"line":14},"1":{"name":"handleGetUserProfile","decl":{"start":{"line":56,"column":15},"end":{"line":56,"column":35}},"loc":{"start":{"line":56,"column":49},"end":{"line":117,"column":1}},"line":56},"2":{"name":"handleUpdateUserProfile","decl":{"start":{"line":122,"column":15},"end":{"line":122,"column":38}},"loc":{"start":{"line":122,"column":58},"end":{"line":172,"column":1}},"line":122},"3":{"name":"handleGetAllUsers","decl":{"start":{"line":177,"column":15},"end":{"line":177,"column":32}},"loc":{"start":{"line":177,"column":59},"end":{"line":255,"column":1}},"line":177},"4":{"name":"(anonymous_4)","decl":{"start":{"line":221,"column":39},"end":{"line":221,"column":40}},"loc":{"start":{"line":221,"column":48},"end":{"line":230,"column":9}},"line":221},"5":{"name":"handleUpdateUserRole","decl":{"start":{"line":260,"column":15},"end":{"line":260,"column":35}},"loc":{"start":{"line":260,"column":69},"end":{"line":311,"column":1}},"line":260},"6":{"name":"handleGetAuditLogs","decl":{"start":{"line":316,"column":15},"end":{"line":316,"column":33}},"loc":{"start":{"line":316,"column":60},"end":{"line":382,"column":1}},"line":316},"7":{"name":"extractUserContext","decl":{"start":{"line":387,"column":9},"end":{"line":387,"column":27}},"loc":{"start":{"line":387,"column":37},"end":{"line":400,"column":1}},"line":387},"8":{"name":"isAdmin","decl":{"start":{"line":405,"column":9},"end":{"line":405,"column":16}},"loc":{"start":{"line":405,"column":30},"end":{"line":407,"column":1}},"line":405},"9":{"name":"logUserActivity","decl":{"start":{"line":412,"column":15},"end":{"line":412,"column":30}},"loc":{"start":{"line":412,"column":61},"end":{"line":432,"column":1}},"line":412},"10":{"name":"createResponse","decl":{"start":{"line":437,"column":9},"end":{"line":437,"column":23}},"loc":{"start":{"line":437,"column":42},"end":{"line":448,"column":1}},"line":437}},"branchMap":{"0":{"loc":{"start":{"line":19,"column":28},"end":{"line":19,"column":56}},"type":"cond-expr","locations":[{"start":{"line":19,"column":35},"end":{"line":19,"column":51}},{"start":{"line":19,"column":54},"end":{"line":19,"column":56}}],"line":19},"1":{"loc":{"start":{"line":23,"column":8},"end":{"line":25,"column":9}},"type":"if","locations":[{"start":{"line":23,"column":8},"end":{"line":25,"column":9}},{"start":{},"end":{}}],"line":23},"2":{"loc":{"start":{"line":30,"column":8},"end":{"line":43,"column":9}},"type":"switch","locations":[{"start":{"line":31,"column":12},"end":{"line":32,"column":63}},{"start":{"line":33,"column":12},"end":{"line":34,"column":79}},{"start":{"line":35,"column":12},"end":{"line":36,"column":89}},{"start":{"line":37,"column":12},"end":{"line":38,"column":95}},{"start":{"line":39,"column":12},"end":{"line":40,"column":90}},{"start":{"line":41,"column":12},"end":{"line":42,"column":73}}],"line":30},"3":{"loc":{"start":{"line":65,"column":8},"end":{"line":96,"column":9}},"type":"if","locations":[{"start":{"line":65,"column":8},"end":{"line":96,"column":9}},{"start":{},"end":{}}],"line":65},"4":{"loc":{"start":{"line":70,"column":27},"end":{"line":70,"column":54}},"type":"binary-expr","locations":[{"start":{"line":70,"column":27},"end":{"line":70,"column":48}},{"start":{"line":70,"column":52},"end":{"line":70,"column":54}}],"line":70},"5":{"loc":{"start":{"line":71,"column":26},"end":{"line":71,"column":52}},"type":"binary-expr","locations":[{"start":{"line":71,"column":26},"end":{"line":71,"column":46}},{"start":{"line":71,"column":50},"end":{"line":71,"column":52}}],"line":71},"6":{"loc":{"start":{"line":72,"column":22},"end":{"line":72,"column":49}},"type":"binary-expr","locations":[{"start":{"line":72,"column":22},"end":{"line":72,"column":38}},{"start":{"line":72,"column":42},"end":{"line":72,"column":49}}],"line":72},"7":{"loc":{"start":{"line":129,"column":8},"end":{"line":132,"column":9}},"type":"if","locations":[{"start":{"line":129,"column":8},"end":{"line":132,"column":9}},{"start":{},"end":{}}],"line":129},"8":{"loc":{"start":{"line":134,"column":8},"end":{"line":137,"column":9}},"type":"if","locations":[{"start":{"line":134,"column":8},"end":{"line":137,"column":9}},{"start":{},"end":{}}],"line":134},"9":{"loc":{"start":{"line":139,"column":8},"end":{"line":142,"column":9}},"type":"if","locations":[{"start":{"line":139,"column":8},"end":{"line":142,"column":9}},{"start":{},"end":{}}],"line":139},"10":{"loc":{"start":{"line":179,"column":4},"end":{"line":184,"column":5}},"type":"if","locations":[{"start":{"line":179,"column":4},"end":{"line":184,"column":5}},{"start":{},"end":{}}],"line":179},"11":{"loc":{"start":{"line":187,"column":30},"end":{"line":187,"column":40}},"type":"default-arg","locations":[{"start":{"line":187,"column":38},"end":{"line":187,"column":40}}],"line":187},"12":{"loc":{"start":{"line":187,"column":54},"end":{"line":187,"column":71}},"type":"binary-expr","locations":[{"start":{"line":187,"column":54},"end":{"line":187,"column":65}},{"start":{"line":187,"column":69},"end":{"line":187,"column":71}}],"line":187},"13":{"loc":{"start":{"line":194,"column":8},"end":{"line":196,"column":9}},"type":"if","locations":[{"start":{"line":194,"column":8},"end":{"line":196,"column":9}},{"start":{},"end":{}}],"line":194},"14":{"loc":{"start":{"line":199,"column":8},"end":{"line":216,"column":9}},"type":"if","locations":[{"start":{"line":199,"column":8},"end":{"line":216,"column":9}},{"start":{},"end":{}}],"line":199},"15":{"loc":{"start":{"line":199,"column":12},"end":{"line":199,"column":26}},"type":"binary-expr","locations":[{"start":{"line":199,"column":12},"end":{"line":199,"column":16}},{"start":{"line":199,"column":20},"end":{"line":199,"column":26}}],"line":199},"16":{"loc":{"start":{"line":203,"column":12},"end":{"line":207,"column":13}},"type":"if","locations":[{"start":{"line":203,"column":12},"end":{"line":207,"column":13}},{"start":{},"end":{}}],"line":203},"17":{"loc":{"start":{"line":209,"column":12},"end":{"line":213,"column":13}},"type":"if","locations":[{"start":{"line":209,"column":12},"end":{"line":213,"column":13}},{"start":{},"end":{}}],"line":209},"18":{"loc":{"start":{"line":243,"column":8},"end":{"line":247,"column":9}},"type":"if","locations":[{"start":{"line":243,"column":8},"end":{"line":247,"column":9}},{"start":{},"end":{}}],"line":243},"19":{"loc":{"start":{"line":262,"column":4},"end":{"line":267,"column":5}},"type":"if","locations":[{"start":{"line":262,"column":4},"end":{"line":267,"column":5}},{"start":{},"end":{}}],"line":262},"20":{"loc":{"start":{"line":272,"column":4},"end":{"line":277,"column":5}},"type":"if","locations":[{"start":{"line":272,"column":4},"end":{"line":277,"column":5}},{"start":{},"end":{}}],"line":272},"21":{"loc":{"start":{"line":272,"column":8},"end":{"line":272,"column":43}},"type":"binary-expr","locations":[{"start":{"line":272,"column":8},"end":{"line":272,"column":13}},{"start":{"line":272,"column":17},"end":{"line":272,"column":43}}],"line":272},"22":{"loc":{"start":{"line":318,"column":4},"end":{"line":323,"column":5}},"type":"if","locations":[{"start":{"line":318,"column":4},"end":{"line":323,"column":5}},{"start":{},"end":{}}],"line":318},"23":{"loc":{"start":{"line":326,"column":32},"end":{"line":326,"column":42}},"type":"default-arg","locations":[{"start":{"line":326,"column":40},"end":{"line":326,"column":42}}],"line":326},"24":{"loc":{"start":{"line":326,"column":56},"end":{"line":326,"column":73}},"type":"binary-expr","locations":[{"start":{"line":326,"column":56},"end":{"line":326,"column":67}},{"start":{"line":326,"column":71},"end":{"line":326,"column":73}}],"line":326},"25":{"loc":{"start":{"line":335,"column":8},"end":{"line":337,"column":9}},"type":"if","locations":[{"start":{"line":335,"column":8},"end":{"line":337,"column":9}},{"start":{},"end":{}}],"line":335},"26":{"loc":{"start":{"line":340,"column":8},"end":{"line":355,"column":9}},"type":"if","locations":[{"start":{"line":340,"column":8},"end":{"line":355,"column":9}},{"start":{},"end":{}}],"line":340},"27":{"loc":{"start":{"line":340,"column":12},"end":{"line":340,"column":28}},"type":"binary-expr","locations":[{"start":{"line":340,"column":12},"end":{"line":340,"column":18}},{"start":{"line":340,"column":22},"end":{"line":340,"column":28}}],"line":340},"28":{"loc":{"start":{"line":344,"column":12},"end":{"line":347,"column":13}},"type":"if","locations":[{"start":{"line":344,"column":12},"end":{"line":347,"column":13}},{"start":{},"end":{}}],"line":344},"29":{"loc":{"start":{"line":349,"column":12},"end":{"line":352,"column":13}},"type":"if","locations":[{"start":{"line":349,"column":12},"end":{"line":352,"column":13}},{"start":{},"end":{}}],"line":349},"30":{"loc":{"start":{"line":370,"column":8},"end":{"line":374,"column":9}},"type":"if","locations":[{"start":{"line":370,"column":8},"end":{"line":374,"column":9}},{"start":{},"end":{}}],"line":370},"31":{"loc":{"start":{"line":388,"column":23},"end":{"line":388,"column":69}},"type":"binary-expr","locations":[{"start":{"line":388,"column":23},"end":{"line":388,"column":44}},{"start":{"line":388,"column":48},"end":{"line":388,"column":69}}],"line":388},"32":{"loc":{"start":{"line":389,"column":4},"end":{"line":389,"column":33}},"type":"if","locations":[{"start":{"line":389,"column":4},"end":{"line":389,"column":33}},{"start":{},"end":{}}],"line":389},"33":{"loc":{"start":{"line":412,"column":47},"end":{"line":412,"column":59}},"type":"default-arg","locations":[{"start":{"line":412,"column":57},"end":{"line":412,"column":59}}],"line":412},"34":{"loc":{"start":{"line":420,"column":23},"end":{"line":420,"column":53}},"type":"binary-expr","locations":[{"start":{"line":420,"column":23},"end":{"line":420,"column":40}},{"start":{"line":420,"column":44},"end":{"line":420,"column":53}}],"line":420}},"s":{"0":1,"1":1,"2":1,"3":1,"4":1,"5":11,"6":11,"7":11,"8":11,"9":11,"10":1,"11":10,"12":10,"13":3,"14":1,"15":2,"16":2,"17":1,"18":1,"19":1,"20":1,"21":3,"22":3,"23":3,"24":2,"25":1,"26":1,"27":1,"28":1,"29":1,"30":1,"31":1,"32":1,"33":1,"34":1,"35":1,"36":1,"37":1,"38":1,"39":1,"40":1,"41":1,"42":1,"43":0,"44":0,"45":1,"46":1,"47":1,"48":1,"49":1,"50":1,"51":0,"52":0,"53":2,"54":1,"55":1,"56":1,"57":1,"58":1,"59":0,"60":1,"61":0,"62":0,"63":0,"64":0,"65":0,"66":0,"67":0,"68":0,"69":0,"70":0,"71":0,"72":1,"73":1,"74":2,"75":1,"76":1,"77":0,"78":1,"79":0,"80":0,"81":2,"82":0,"83":2,"84":2,"85":2,"86":1,"87":1,"88":1,"89":1,"90":1,"91":1,"92":0,"93":0,"94":1,"95":0,"96":1,"97":1,"98":1,"99":1,"100":0,"101":1,"102":0,"103":0,"104":0,"105":0,"106":0,"107":0,"108":0,"109":0,"110":0,"111":1,"112":1,"113":1,"114":0,"115":1,"116":0,"117":0,"118":11,"119":11,"120":1,"121":10,"122":5,"123":2,"124":2,"125":2,"126":0,"127":11},"f":{"0":11,"1":3,"2":1,"3":2,"4":2,"5":2,"6":1,"7":11,"8":5,"9":2,"10":11},"b":{"0":[3,8],"1":[1,10],"2":[3,1,2,2,1,1],"3":[1,1],"4":[1,0],"5":[1,0],"6":[1,0],"7":[1,0],"8":[1,0],"9":[0,1],"10":[1,1],"11":[1],"12":[1,1],"13":[0,1],"14":[0,1],"15":[1,1],"16":[0,0],"17":[0,0],"18":[0,1],"19":[0,2],"20":[1,1],"21":[2,2],"22":[0,1],"23":[1],"24":[1,1],"25":[0,1],"26":[0,1],"27":[1,1],"28":[0,0],"29":[0,0],"30":[0,1],"31":[11,1],"32":[1,10],"33":[0],"34":[2,2]},"_coverageSchema":"1a1c01bbd47fc00a2c39e90264f33305004495a9","hash":"dc01b350f76a85007f5fb181ea5250fa827e8ddc"}
}
