TN:
SF:src/index.js
FN:14,(anonymous_0)
FN:56,handleGetUserProfile
FN:122,handleUpdateUserProfile
FN:177,handleGetAllUsers
FN:221,(anonymous_4)
FN:260,handleUpdateUserRole
FN:316,handleGetAuditLogs
FN:387,extractUserContext
FN:405,isAdmin
FN:412,logUserActivity
FN:437,createResponse
FNF:11
FNH:11
FNDA:11,(anonymous_0)
FNDA:3,handleGetUserProfile
FNDA:1,handleUpdateUserProfile
FNDA:2,handleGetAllUsers
FNDA:2,(anonymous_4)
FNDA:2,handleUpdateUserRole
FNDA:1,handleGetAuditLogs
FNDA:11,extractUserContext
FNDA:5,isAdmin
FNDA:2,logUserActivity
FNDA:11,createResponse
DA:1,1
DA:4,1
DA:7,1
DA:8,1
DA:14,1
DA:15,11
DA:17,11
DA:19,11
DA:22,11
DA:23,11
DA:24,1
DA:28,10
DA:30,10
DA:32,3
DA:34,1
DA:36,2
DA:38,2
DA:40,1
DA:42,1
DA:45,1
DA:46,1
DA:57,3
DA:58,3
DA:63,3
DA:65,2
DA:67,1
DA:87,1
DA:92,1
DA:99,1
DA:108,1
DA:114,1
DA:115,1
DA:123,1
DA:125,1
DA:126,1
DA:127,1
DA:129,1
DA:130,1
DA:131,1
DA:134,1
DA:135,1
DA:136,1
DA:139,1
DA:140,0
DA:141,0
DA:144,1
DA:145,1
DA:147,1
DA:155,1
DA:158,1
DA:162,1
DA:169,0
DA:170,0
DA:179,2
DA:180,1
DA:186,1
DA:187,1
DA:189,1
DA:194,1
DA:195,0
DA:199,1
DA:200,0
DA:201,0
DA:203,0
DA:204,0
DA:205,0
DA:206,0
DA:209,0
DA:210,0
DA:211,0
DA:212,0
DA:215,0
DA:218,1
DA:221,2
DA:232,1
DA:243,1
DA:244,0
DA:249,1
DA:252,0
DA:253,0
DA:262,2
DA:263,0
DA:269,2
DA:270,2
DA:272,2
DA:273,1
DA:279,1
DA:280,1
DA:292,1
DA:295,1
DA:301,1
DA:308,0
DA:309,0
DA:318,1
DA:319,0
DA:325,1
DA:326,1
DA:328,1
DA:335,1
DA:336,0
DA:340,1
DA:341,0
DA:342,0
DA:344,0
DA:345,0
DA:346,0
DA:349,0
DA:350,0
DA:351,0
DA:354,0
DA:357,1
DA:359,1
DA:370,1
DA:371,0
DA:376,1
DA:379,0
DA:380,0
DA:388,11
DA:389,11
DA:393,10
DA:406,5
DA:413,2
DA:414,2
DA:423,2
DA:429,0
DA:438,11
LF:126
LH:89
BRDA:19,0,0,3
BRDA:19,0,1,8
BRDA:23,1,0,1
BRDA:23,1,1,10
BRDA:30,2,0,3
BRDA:30,2,1,1
BRDA:30,2,2,2
BRDA:30,2,3,2
BRDA:30,2,4,1
BRDA:30,2,5,1
BRDA:65,3,0,1
BRDA:65,3,1,1
BRDA:70,4,0,1
BRDA:70,4,1,0
BRDA:71,5,0,1
BRDA:71,5,1,0
BRDA:72,6,0,1
BRDA:72,6,1,0
BRDA:129,7,0,1
BRDA:129,7,1,0
BRDA:134,8,0,1
BRDA:134,8,1,0
BRDA:139,9,0,0
BRDA:139,9,1,1
BRDA:179,10,0,1
BRDA:179,10,1,1
BRDA:187,11,0,1
BRDA:187,12,0,1
BRDA:187,12,1,1
BRDA:194,13,0,0
BRDA:194,13,1,1
BRDA:199,14,0,0
BRDA:199,14,1,1
BRDA:199,15,0,1
BRDA:199,15,1,1
BRDA:203,16,0,0
BRDA:203,16,1,0
BRDA:209,17,0,0
BRDA:209,17,1,0
BRDA:243,18,0,0
BRDA:243,18,1,1
BRDA:262,19,0,0
BRDA:262,19,1,2
BRDA:272,20,0,1
BRDA:272,20,1,1
BRDA:272,21,0,2
BRDA:272,21,1,2
BRDA:318,22,0,0
BRDA:318,22,1,1
BRDA:326,23,0,1
BRDA:326,24,0,1
BRDA:326,24,1,1
BRDA:335,25,0,0
BRDA:335,25,1,1
BRDA:340,26,0,0
BRDA:340,26,1,1
BRDA:340,27,0,1
BRDA:340,27,1,1
BRDA:344,28,0,0
BRDA:344,28,1,0
BRDA:349,29,0,0
BRDA:349,29,1,0
BRDA:370,30,0,0
BRDA:370,30,1,1
BRDA:388,31,0,11
BRDA:388,31,1,1
BRDA:389,32,0,1
BRDA:389,32,1,10
BRDA:412,33,0,0
BRDA:420,34,0,2
BRDA:420,34,1,2
BRF:71
BRH:48
end_of_record
