<?xml version="1.0" encoding="UTF-8"?>
<coverage generated="1760846462197" clover="3.2.0">
  <project timestamp="1760846462198" name="All files">
    <metrics statements="156" coveredstatements="142" conditionals="82" coveredconditionals="58" methods="20" coveredmethods="20" elements="258" coveredelements="220" complexity="0" loc="156" ncloc="156" packages="1" files="1" classes="1"/>
    <file name="index.js" path="/Users/jvera/VCS-Workspace/AI-PreSales/4-Development/components/cost-calculator-service/src/index.js">
      <metrics statements="156" coveredstatements="142" conditionals="82" coveredconditionals="58" methods="20" coveredmethods="20"/>
      <line num="1" count="1" type="stmt"/>
      <line num="4" count="1" type="stmt"/>
      <line num="7" count="1" type="stmt"/>
      <line num="8" count="1" type="stmt"/>
      <line num="14" count="1" type="stmt"/>
      <line num="15" count="14" type="stmt"/>
      <line num="17" count="14" type="stmt"/>
      <line num="19" count="14" type="cond" truecount="2" falsecount="0"/>
      <line num="22" count="14" type="stmt"/>
      <line num="23" count="14" type="cond" truecount="2" falsecount="0"/>
      <line num="24" count="1" type="stmt"/>
      <line num="28" count="13" type="stmt"/>
      <line num="30" count="13" type="cond" truecount="6" falsecount="0"/>
      <line num="32" count="5" type="stmt"/>
      <line num="34" count="2" type="stmt"/>
      <line num="36" count="1" type="stmt"/>
      <line num="38" count="1" type="stmt"/>
      <line num="40" count="3" type="stmt"/>
      <line num="42" count="1" type="stmt"/>
      <line num="45" count="1" type="stmt"/>
      <line num="46" count="1" type="stmt"/>
      <line num="57" count="7" type="cond" truecount="2" falsecount="0"/>
      <line num="59" count="7" type="cond" truecount="2" falsecount="0"/>
      <line num="60" count="1" type="stmt"/>
      <line num="66" count="6" type="stmt"/>
      <line num="68" count="6" type="cond" truecount="1" falsecount="1"/>
      <line num="69" count="6" type="cond" truecount="2" falsecount="0"/>
      <line num="70" count="6" type="cond" truecount="2" falsecount="0"/>
      <line num="71" count="6" type="cond" truecount="2" falsecount="0"/>
      <line num="74" count="6" type="stmt"/>
      <line num="81" count="24" type="stmt"/>
      <line num="82" count="6" type="stmt"/>
      <line num="85" count="6" type="stmt"/>
      <line num="101" count="6" type="stmt"/>
      <line num="104" count="6" type="stmt"/>
      <line num="119" count="6" type="stmt"/>
      <line num="124" count="5" type="stmt"/>
      <line num="131" count="1" type="stmt"/>
      <line num="132" count="1" type="stmt"/>
      <line num="140" count="2" type="cond" truecount="1" falsecount="0"/>
      <line num="142" count="2" type="cond" truecount="5" falsecount="0"/>
      <line num="143" count="1" type="stmt"/>
      <line num="149" count="1" type="stmt"/>
      <line num="150" count="1" type="stmt"/>
      <line num="152" count="1" type="stmt"/>
      <line num="153" count="2" type="stmt"/>
      <line num="154" count="2" type="stmt"/>
      <line num="160" count="2" type="stmt"/>
      <line num="161" count="2" type="stmt"/>
      <line num="171" count="1" type="stmt"/>
      <line num="173" count="1" type="stmt"/>
      <line num="184" count="0" type="stmt"/>
      <line num="185" count="0" type="stmt"/>
      <line num="193" count="1" type="cond" truecount="1" falsecount="2"/>
      <line num="195" count="1" type="stmt"/>
      <line num="196" count="1" type="stmt"/>
      <line num="203" count="1" type="cond" truecount="1" falsecount="1"/>
      <line num="204" count="1" type="stmt"/>
      <line num="205" count="1" type="stmt"/>
      <line num="208" count="1" type="cond" truecount="1" falsecount="1"/>
      <line num="209" count="0" type="stmt"/>
      <line num="210" count="0" type="stmt"/>
      <line num="213" count="1" type="stmt"/>
      <line num="215" count="1" type="stmt"/>
      <line num="225" count="0" type="stmt"/>
      <line num="226" count="0" type="stmt"/>
      <line num="234" count="1" type="cond" truecount="1" falsecount="2"/>
      <line num="236" count="1" type="stmt"/>
      <line num="237" count="1" type="stmt"/>
      <line num="246" count="1" type="cond" truecount="1" falsecount="1"/>
      <line num="247" count="0" type="stmt"/>
      <line num="250" count="1" type="stmt"/>
      <line num="252" count="1" type="stmt"/>
      <line num="263" count="1" type="cond" truecount="1" falsecount="1"/>
      <line num="264" count="0" type="stmt"/>
      <line num="269" count="1" type="stmt"/>
      <line num="272" count="0" type="stmt"/>
      <line num="273" count="0" type="stmt"/>
      <line num="281" count="3" type="stmt"/>
      <line num="282" count="3" type="stmt"/>
      <line num="287" count="3" type="stmt"/>
      <line num="289" count="3" type="cond" truecount="2" falsecount="0"/>
      <line num="290" count="1" type="stmt"/>
      <line num="297" count="2" type="cond" truecount="4" falsecount="0"/>
      <line num="298" count="1" type="stmt"/>
      <line num="304" count="1" type="stmt"/>
      <line num="310" count="0" type="stmt"/>
      <line num="311" count="0" type="stmt"/>
      <line num="319" count="6" type="stmt"/>
      <line num="320" count="6" type="stmt"/>
      <line num="322" count="6" type="stmt"/>
      <line num="323" count="6" type="cond" truecount="0" falsecount="2"/>
      <line num="326" count="6" type="stmt"/>
      <line num="327" count="6" type="cond" truecount="1" falsecount="1"/>
      <line num="329" count="6" type="stmt"/>
      <line num="330" count="6" type="stmt"/>
      <line num="332" count="6" type="stmt"/>
      <line num="342" count="6" type="stmt"/>
      <line num="352" count="6" type="stmt"/>
      <line num="353" count="6" type="stmt"/>
      <line num="355" count="6" type="stmt"/>
      <line num="356" count="4" type="cond" truecount="0" falsecount="1"/>
      <line num="358" count="4" type="stmt"/>
      <line num="359" count="4" type="cond" truecount="1" falsecount="1"/>
      <line num="361" count="4" type="stmt"/>
      <line num="362" count="4" type="stmt"/>
      <line num="364" count="4" type="stmt"/>
      <line num="374" count="6" type="stmt"/>
      <line num="384" count="6" type="stmt"/>
      <line num="385" count="6" type="stmt"/>
      <line num="387" count="6" type="stmt"/>
      <line num="388" count="4" type="cond" truecount="0" falsecount="2"/>
      <line num="390" count="4" type="stmt"/>
      <line num="391" count="4" type="cond" truecount="1" falsecount="1"/>
      <line num="393" count="4" type="stmt"/>
      <line num="394" count="4" type="stmt"/>
      <line num="396" count="4" type="stmt"/>
      <line num="397" count="4" type="stmt"/>
      <line num="399" count="4" type="stmt"/>
      <line num="409" count="6" type="stmt"/>
      <line num="419" count="6" type="cond" truecount="3" falsecount="0"/>
      <line num="421" count="6" type="stmt"/>
      <line num="422" count="6" type="stmt"/>
      <line num="423" count="6" type="stmt"/>
      <line num="425" count="6" type="stmt"/>
      <line num="427" count="6" type="stmt"/>
      <line num="441" count="14" type="stmt"/>
      <line num="442" count="14" type="stmt"/>
      <line num="451" count="14" type="stmt"/>
      <line num="452" count="14" type="stmt"/>
      <line num="454" count="3" type="stmt"/>
      <line num="455" count="3" type="stmt"/>
      <line num="463" count="6" type="stmt"/>
      <line num="477" count="6" type="cond" truecount="1" falsecount="1"/>
      <line num="481" count="4" type="stmt"/>
      <line num="493" count="4" type="cond" truecount="1" falsecount="1"/>
      <line num="497" count="4" type="stmt"/>
      <line num="508" count="4" type="cond" truecount="1" falsecount="1"/>
      <line num="515" count="6" type="stmt"/>
      <line num="518" count="6" type="cond" truecount="2" falsecount="0"/>
      <line num="519" count="1" type="stmt"/>
      <line num="530" count="6" type="cond" truecount="1" falsecount="1"/>
      <line num="531" count="0" type="stmt"/>
      <line num="542" count="6" type="cond" truecount="1" falsecount="1"/>
      <line num="543" count="0" type="stmt"/>
      <line num="553" count="6" type="stmt"/>
      <line num="560" count="1" type="stmt"/>
      <line num="561" count="1" type="stmt"/>
      <line num="562" count="1" type="stmt"/>
      <line num="564" count="1" type="stmt"/>
      <line num="565" count="1" type="stmt"/>
      <line num="567" count="1" type="stmt"/>
      <line num="581" count="14" type="cond" truecount="2" falsecount="0"/>
      <line num="582" count="14" type="cond" truecount="2" falsecount="0"/>
      <line num="584" count="13" type="stmt"/>
      <line num="597" count="16" type="stmt"/>
    </file>
  </project>
</coverage>
