{"/Users/jvera/VCS-Workspace/AI-PreSales/4-Development/components/cost-calculator-service/src/index.js": {"path":"/Users/jvera/VCS-Workspace/AI-PreSales/4-Development/components/cost-calculator-service/src/index.js","statementMap":{"0":{"start":{"line":1,"column":12},"end":{"line":1,"column":30}},"1":{"start":{"line":4,"column":17},"end":{"line":4,"column":50}},"2":{"start":{"line":7,"column":26},"end":{"line":7,"column":55}},"3":{"start":{"line":8,"column":22},"end":{"line":8,"column":47}},"4":{"start":{"line":14,"column":0},"end":{"line":51,"column":2}},"5":{"start":{"line":15,"column":87},"end":{"line":15,"column":92}},"6":{"start":{"line":17,"column":4},"end":{"line":50,"column":5}},"7":{"start":{"line":19,"column":28},"end":{"line":19,"column":56}},"8":{"start":{"line":22,"column":28},"end":{"line":22,"column":55}},"9":{"start":{"line":23,"column":8},"end":{"line":25,"column":9}},"10":{"start":{"line":24,"column":12},"end":{"line":24,"column":77}},"11":{"start":{"line":28,"column":22},"end":{"line":28,"column":45}},"12":{"start":{"line":30,"column":8},"end":{"line":43,"column":9}},"13":{"start":{"line":32,"column":16},"end":{"line":32,"column":75}},"14":{"start":{"line":34,"column":16},"end":{"line":34,"column":83}},"15":{"start":{"line":36,"column":16},"end":{"line":36,"column":86}},"16":{"start":{"line":38,"column":16},"end":{"line":38,"column":93}},"17":{"start":{"line":40,"column":16},"end":{"line":40,"column":82}},"18":{"start":{"line":42,"column":16},"end":{"line":42,"column":73}},"19":{"start":{"line":45,"column":8},"end":{"line":45,"column":63}},"20":{"start":{"line":46,"column":8},"end":{"line":49,"column":11}},"21":{"start":{"line":57,"column":66},"end":{"line":57,"column":70}},"22":{"start":{"line":59,"column":4},"end":{"line":64,"column":5}},"23":{"start":{"line":60,"column":8},"end":{"line":63,"column":11}},"24":{"start":{"line":66,"column":4},"end":{"line":133,"column":5}},"25":{"start":{"line":68,"column":29},"end":{"line":68,"column":92}},"26":{"start":{"line":69,"column":29},"end":{"line":69,"column":92}},"27":{"start":{"line":70,"column":30},"end":{"line":70,"column":95}},"28":{"start":{"line":71,"column":29},"end":{"line":71,"column":92}},"29":{"start":{"line":74,"column":29},"end":{"line":79,"column":9}},"30":{"start":{"line":81,"column":33},"end":{"line":81,"column":97}},"31":{"start":{"line":81,"column":83},"end":{"line":81,"column":93}},"32":{"start":{"line":82,"column":32},"end":{"line":82,"column":53}},"33":{"start":{"line":85,"column":30},"end":{"line":99,"column":9}},"34":{"start":{"line":101,"column":32},"end":{"line":101,"column":84}},"35":{"start":{"line":104,"column":27},"end":{"line":116,"column":9}},"36":{"start":{"line":119,"column":8},"end":{"line":122,"column":21}},"37":{"start":{"line":124,"column":8},"end":{"line":128,"column":11}},"38":{"start":{"line":131,"column":8},"end":{"line":131,"column":54}},"39":{"start":{"line":132,"column":8},"end":{"line":132,"column":20}},"40":{"start":{"line":140,"column":53},"end":{"line":140,"column":57}},"41":{"start":{"line":142,"column":4},"end":{"line":147,"column":5}},"42":{"start":{"line":143,"column":8},"end":{"line":146,"column":11}},"43":{"start":{"line":149,"column":4},"end":{"line":186,"column":5}},"44":{"start":{"line":150,"column":28},"end":{"line":150,"column":30}},"45":{"start":{"line":152,"column":8},"end":{"line":168,"column":9}},"46":{"start":{"line":152,"column":21},"end":{"line":152,"column":22}},"47":{"start":{"line":153,"column":27},"end":{"line":153,"column":44}},"48":{"start":{"line":154,"column":27},"end":{"line":158,"column":14}},"49":{"start":{"line":160,"column":36},"end":{"line":160,"column":64}},"50":{"start":{"line":161,"column":12},"end":{"line":167,"column":15}},"51":{"start":{"line":171,"column":25},"end":{"line":171,"column":64}},"52":{"start":{"line":173,"column":8},"end":{"line":181,"column":11}},"53":{"start":{"line":184,"column":8},"end":{"line":184,"column":62}},"54":{"start":{"line":185,"column":8},"end":{"line":185,"column":20}},"55":{"start":{"line":193,"column":60},"end":{"line":193,"column":77}},"56":{"start":{"line":195,"column":4},"end":{"line":227,"column":5}},"57":{"start":{"line":196,"column":21},"end":{"line":201,"column":9}},"58":{"start":{"line":203,"column":8},"end":{"line":206,"column":9}},"59":{"start":{"line":204,"column":12},"end":{"line":204,"column":65}},"60":{"start":{"line":205,"column":12},"end":{"line":205,"column":67}},"61":{"start":{"line":208,"column":8},"end":{"line":211,"column":9}},"62":{"start":{"line":209,"column":12},"end":{"line":209,"column":75}},"63":{"start":{"line":210,"column":12},"end":{"line":210,"column":77}},"64":{"start":{"line":213,"column":23},"end":{"line":213,"column":60}},"65":{"start":{"line":215,"column":8},"end":{"line":222,"column":11}},"66":{"start":{"line":225,"column":8},"end":{"line":225,"column":56}},"67":{"start":{"line":226,"column":8},"end":{"line":226,"column":20}},"68":{"start":{"line":234,"column":36},"end":{"line":234,"column":53}},"69":{"start":{"line":236,"column":4},"end":{"line":274,"column":5}},"70":{"start":{"line":237,"column":21},"end":{"line":244,"column":9}},"71":{"start":{"line":246,"column":8},"end":{"line":248,"column":9}},"72":{"start":{"line":247,"column":12},"end":{"line":247,"column":79}},"73":{"start":{"line":250,"column":23},"end":{"line":250,"column":61}},"74":{"start":{"line":252,"column":25},"end":{"line":261,"column":9}},"75":{"start":{"line":263,"column":8},"end":{"line":267,"column":9}},"76":{"start":{"line":264,"column":12},"end":{"line":266,"column":14}},"77":{"start":{"line":269,"column":8},"end":{"line":269,"column":45}},"78":{"start":{"line":272,"column":8},"end":{"line":272,"column":63}},"79":{"start":{"line":273,"column":8},"end":{"line":273,"column":20}},"80":{"start":{"line":281,"column":4},"end":{"line":312,"column":5}},"81":{"start":{"line":282,"column":23},"end":{"line":285,"column":9}},"82":{"start":{"line":287,"column":23},"end":{"line":287,"column":59}},"83":{"start":{"line":289,"column":8},"end":{"line":294,"column":9}},"84":{"start":{"line":290,"column":12},"end":{"line":293,"column":15}},"85":{"start":{"line":297,"column":8},"end":{"line":302,"column":9}},"86":{"start":{"line":298,"column":12},"end":{"line":301,"column":15}},"87":{"start":{"line":304,"column":8},"end":{"line":307,"column":11}},"88":{"start":{"line":310,"column":8},"end":{"line":310,"column":55}},"89":{"start":{"line":311,"column":8},"end":{"line":311,"column":20}},"90":{"start":{"line":319,"column":27},"end":{"line":319,"column":28}},"91":{"start":{"line":320,"column":20},"end":{"line":320,"column":22}},"92":{"start":{"line":322,"column":4},"end":{"line":340,"column":5}},"93":{"start":{"line":323,"column":77},"end":{"line":323,"column":88}},"94":{"start":{"line":326,"column":24},"end":{"line":326,"column":81}},"95":{"start":{"line":327,"column":27},"end":{"line":327,"column":100}},"96":{"start":{"line":329,"column":28},"end":{"line":329,"column":65}},"97":{"start":{"line":330,"column":8},"end":{"line":330,"column":40}},"98":{"start":{"line":332,"column":8},"end":{"line":339,"column":11}},"99":{"start":{"line":342,"column":4},"end":{"line":345,"column":6}},"100":{"start":{"line":352,"column":27},"end":{"line":352,"column":28}},"101":{"start":{"line":353,"column":20},"end":{"line":353,"column":22}},"102":{"start":{"line":355,"column":4},"end":{"line":372,"column":5}},"103":{"start":{"line":356,"column":77},"end":{"line":356,"column":88}},"104":{"start":{"line":358,"column":24},"end":{"line":358,"column":80}},"105":{"start":{"line":359,"column":27},"end":{"line":359,"column":104}},"106":{"start":{"line":361,"column":28},"end":{"line":361,"column":47}},"107":{"start":{"line":362,"column":8},"end":{"line":362,"column":40}},"108":{"start":{"line":364,"column":8},"end":{"line":371,"column":11}},"109":{"start":{"line":374,"column":4},"end":{"line":377,"column":6}},"110":{"start":{"line":384,"column":27},"end":{"line":384,"column":28}},"111":{"start":{"line":385,"column":20},"end":{"line":385,"column":22}},"112":{"start":{"line":387,"column":4},"end":{"line":407,"column":5}},"113":{"start":{"line":388,"column":71},"end":{"line":388,"column":82}},"114":{"start":{"line":390,"column":32},"end":{"line":390,"column":89}},"115":{"start":{"line":391,"column":29},"end":{"line":391,"column":132}},"116":{"start":{"line":393,"column":28},"end":{"line":393,"column":45}},"117":{"start":{"line":394,"column":27},"end":{"line":394,"column":43}},"118":{"start":{"line":396,"column":28},"end":{"line":396,"column":67}},"119":{"start":{"line":397,"column":8},"end":{"line":397,"column":40}},"120":{"start":{"line":399,"column":8},"end":{"line":406,"column":11}},"121":{"start":{"line":409,"column":4},"end":{"line":412,"column":6}},"122":{"start":{"line":419,"column":67},"end":{"line":419,"column":86}},"123":{"start":{"line":421,"column":29},"end":{"line":421,"column":50}},"124":{"start":{"line":422,"column":27},"end":{"line":422,"column":47}},"125":{"start":{"line":423,"column":25},"end":{"line":423,"column":45}},"126":{"start":{"line":425,"column":29},"end":{"line":425,"column":77}},"127":{"start":{"line":427,"column":4},"end":{"line":434,"column":6}},"128":{"start":{"line":441,"column":4},"end":{"line":456,"column":5}},"129":{"start":{"line":442,"column":23},"end":{"line":449,"column":9}},"130":{"start":{"line":451,"column":23},"end":{"line":451,"column":59}},"131":{"start":{"line":452,"column":8},"end":{"line":452,"column":27}},"132":{"start":{"line":454,"column":8},"end":{"line":454,"column":51}},"133":{"start":{"line":455,"column":8},"end":{"line":455,"column":20}},"134":{"start":{"line":463,"column":27},"end":{"line":475,"column":5}},"135":{"start":{"line":477,"column":4},"end":{"line":477,"column":59}},"136":{"start":{"line":481,"column":34},"end":{"line":491,"column":5}},"137":{"start":{"line":493,"column":4},"end":{"line":493,"column":66}},"138":{"start":{"line":497,"column":35},"end":{"line":506,"column":5}},"139":{"start":{"line":508,"column":4},"end":{"line":508,"column":67}},"140":{"start":{"line":515,"column":28},"end":{"line":515,"column":30}},"141":{"start":{"line":518,"column":4},"end":{"line":527,"column":5}},"142":{"start":{"line":519,"column":8},"end":{"line":526,"column":11}},"143":{"start":{"line":530,"column":4},"end":{"line":539,"column":5}},"144":{"start":{"line":531,"column":8},"end":{"line":538,"column":11}},"145":{"start":{"line":542,"column":4},"end":{"line":551,"column":5}},"146":{"start":{"line":543,"column":8},"end":{"line":550,"column":11}},"147":{"start":{"line":553,"column":4},"end":{"line":553,"column":27}},"148":{"start":{"line":560,"column":32},"end":{"line":560,"column":104}},"149":{"start":{"line":560,"column":64},"end":{"line":560,"column":103}},"150":{"start":{"line":561,"column":30},"end":{"line":561,"column":52}},"151":{"start":{"line":562,"column":26},"end":{"line":562,"column":77}},"152":{"start":{"line":564,"column":27},"end":{"line":564,"column":94}},"153":{"start":{"line":565,"column":30},"end":{"line":565,"column":97}},"154":{"start":{"line":567,"column":4},"end":{"line":574,"column":6}},"155":{"start":{"line":581,"column":23},"end":{"line":581,"column":69}},"156":{"start":{"line":582,"column":4},"end":{"line":582,"column":33}},"157":{"start":{"line":582,"column":21},"end":{"line":582,"column":33}},"158":{"start":{"line":584,"column":4},"end":{"line":590,"column":6}},"159":{"start":{"line":597,"column":4},"end":{"line":606,"column":6}}},"fnMap":{"0":{"name":"(anonymous_0)","decl":{"start":{"line":14,"column":18},"end":{"line":14,"column":19}},"loc":{"start":{"line":14,"column":35},"end":{"line":51,"column":1}},"line":14},"1":{"name":"handleCalculateCost","decl":{"start":{"line":56,"column":15},"end":{"line":56,"column":34}},"loc":{"start":{"line":56,"column":54},"end":{"line":134,"column":1}},"line":56},"2":{"name":"(anonymous_2)","decl":{"start":{"line":81,"column":68},"end":{"line":81,"column":69}},"loc":{"start":{"line":81,"column":83},"end":{"line":81,"column":93}},"line":81},"3":{"name":"handleCompareConfigurations","decl":{"start":{"line":139,"column":15},"end":{"line":139,"column":42}},"loc":{"start":{"line":139,"column":62},"end":{"line":187,"column":1}},"line":139},"4":{"name":"handleGetPricingData","decl":{"start":{"line":192,"column":15},"end":{"line":192,"column":35}},"loc":{"start":{"line":192,"column":62},"end":{"line":228,"column":1}},"line":192},"5":{"name":"handleGetCalculationHistory","decl":{"start":{"line":233,"column":15},"end":{"line":233,"column":42}},"loc":{"start":{"line":233,"column":69},"end":{"line":275,"column":1}},"line":233},"6":{"name":"handleGetCalculation","decl":{"start":{"line":280,"column":15},"end":{"line":280,"column":35}},"loc":{"start":{"line":280,"column":63},"end":{"line":313,"column":1}},"line":280},"7":{"name":"calculateComputeCosts","decl":{"start":{"line":318,"column":15},"end":{"line":318,"column":36}},"loc":{"start":{"line":318,"column":66},"end":{"line":346,"column":1}},"line":318},"8":{"name":"calculateStorageCosts","decl":{"start":{"line":351,"column":15},"end":{"line":351,"column":36}},"loc":{"start":{"line":351,"column":66},"end":{"line":378,"column":1}},"line":351},"9":{"name":"calculateDatabaseCosts","decl":{"start":{"line":383,"column":15},"end":{"line":383,"column":37}},"loc":{"start":{"line":383,"column":68},"end":{"line":413,"column":1}},"line":383},"10":{"name":"calculateNetworkCosts","decl":{"start":{"line":418,"column":15},"end":{"line":418,"column":36}},"loc":{"start":{"line":418,"column":66},"end":{"line":435,"column":1}},"line":418},"11":{"name":"getPricingForService","decl":{"start":{"line":440,"column":15},"end":{"line":440,"column":35}},"loc":{"start":{"line":440,"column":67},"end":{"line":457,"column":1}},"line":440},"12":{"name":"getDefaultPricing","decl":{"start":{"line":462,"column":9},"end":{"line":462,"column":26}},"loc":{"start":{"line":462,"column":50},"end":{"line":478,"column":1}},"line":462},"13":{"name":"getDefaultStoragePricing","decl":{"start":{"line":480,"column":9},"end":{"line":480,"column":33}},"loc":{"start":{"line":480,"column":56},"end":{"line":494,"column":1}},"line":480},"14":{"name":"getDefaultDatabasePricing","decl":{"start":{"line":496,"column":9},"end":{"line":496,"column":34}},"loc":{"start":{"line":496,"column":58},"end":{"line":509,"column":1}},"line":496},"15":{"name":"generateRecommendations","decl":{"start":{"line":514,"column":9},"end":{"line":514,"column":32}},"loc":{"start":{"line":514,"column":62},"end":{"line":554,"column":1}},"line":514},"16":{"name":"generateComparisonInsights","decl":{"start":{"line":559,"column":9},"end":{"line":559,"column":35}},"loc":{"start":{"line":559,"column":49},"end":{"line":575,"column":1}},"line":559},"17":{"name":"(anonymous_17)","decl":{"start":{"line":560,"column":54},"end":{"line":560,"column":55}},"loc":{"start":{"line":560,"column":64},"end":{"line":560,"column":103}},"line":560},"18":{"name":"extractUserContext","decl":{"start":{"line":580,"column":9},"end":{"line":580,"column":27}},"loc":{"start":{"line":580,"column":37},"end":{"line":591,"column":1}},"line":580},"19":{"name":"createResponse","decl":{"start":{"line":596,"column":9},"end":{"line":596,"column":23}},"loc":{"start":{"line":596,"column":42},"end":{"line":607,"column":1}},"line":596}},"branchMap":{"0":{"loc":{"start":{"line":19,"column":28},"end":{"line":19,"column":56}},"type":"cond-expr","locations":[{"start":{"line":19,"column":35},"end":{"line":19,"column":51}},{"start":{"line":19,"column":54},"end":{"line":19,"column":56}}],"line":19},"1":{"loc":{"start":{"line":23,"column":8},"end":{"line":25,"column":9}},"type":"if","locations":[{"start":{"line":23,"column":8},"end":{"line":25,"column":9}},{"start":{},"end":{}}],"line":23},"2":{"loc":{"start":{"line":30,"column":8},"end":{"line":43,"column":9}},"type":"switch","locations":[{"start":{"line":31,"column":12},"end":{"line":32,"column":75}},{"start":{"line":33,"column":12},"end":{"line":34,"column":83}},{"start":{"line":35,"column":12},"end":{"line":36,"column":86}},{"start":{"line":37,"column":12},"end":{"line":38,"column":93}},{"start":{"line":39,"column":12},"end":{"line":40,"column":82}},{"start":{"line":41,"column":12},"end":{"line":42,"column":73}}],"line":30},"3":{"loc":{"start":{"line":57,"column":26},"end":{"line":57,"column":46}},"type":"default-arg","locations":[{"start":{"line":57,"column":35},"end":{"line":57,"column":46}}],"line":57},"4":{"loc":{"start":{"line":57,"column":48},"end":{"line":57,"column":61}},"type":"default-arg","locations":[{"start":{"line":57,"column":59},"end":{"line":57,"column":61}}],"line":57},"5":{"loc":{"start":{"line":59,"column":4},"end":{"line":64,"column":5}},"type":"if","locations":[{"start":{"line":59,"column":4},"end":{"line":64,"column":5}},{"start":{},"end":{}}],"line":59},"6":{"loc":{"start":{"line":68,"column":57},"end":{"line":68,"column":83}},"type":"binary-expr","locations":[{"start":{"line":68,"column":57},"end":{"line":68,"column":77}},{"start":{"line":68,"column":81},"end":{"line":68,"column":83}}],"line":68},"7":{"loc":{"start":{"line":69,"column":57},"end":{"line":69,"column":83}},"type":"binary-expr","locations":[{"start":{"line":69,"column":57},"end":{"line":69,"column":77}},{"start":{"line":69,"column":81},"end":{"line":69,"column":83}}],"line":69},"8":{"loc":{"start":{"line":70,"column":59},"end":{"line":70,"column":86}},"type":"binary-expr","locations":[{"start":{"line":70,"column":59},"end":{"line":70,"column":80}},{"start":{"line":70,"column":84},"end":{"line":70,"column":86}}],"line":70},"9":{"loc":{"start":{"line":71,"column":57},"end":{"line":71,"column":83}},"type":"binary-expr","locations":[{"start":{"line":71,"column":57},"end":{"line":71,"column":77}},{"start":{"line":71,"column":81},"end":{"line":71,"column":83}}],"line":71},"10":{"loc":{"start":{"line":140,"column":28},"end":{"line":140,"column":48}},"type":"default-arg","locations":[{"start":{"line":140,"column":37},"end":{"line":140,"column":48}}],"line":140},"11":{"loc":{"start":{"line":142,"column":4},"end":{"line":147,"column":5}},"type":"if","locations":[{"start":{"line":142,"column":4},"end":{"line":147,"column":5}},{"start":{},"end":{}}],"line":142},"12":{"loc":{"start":{"line":142,"column":8},"end":{"line":142,"column":86}},"type":"binary-expr","locations":[{"start":{"line":142,"column":8},"end":{"line":142,"column":23}},{"start":{"line":142,"column":27},"end":{"line":142,"column":57}},{"start":{"line":142,"column":61},"end":{"line":142,"column":86}}],"line":142},"13":{"loc":{"start":{"line":157,"column":26},"end":{"line":157,"column":47}},"type":"binary-expr","locations":[{"start":{"line":157,"column":26},"end":{"line":157,"column":41}},{"start":{"line":157,"column":45},"end":{"line":157,"column":47}}],"line":157},"14":{"loc":{"start":{"line":162,"column":22},"end":{"line":162,"column":61}},"type":"binary-expr","locations":[{"start":{"line":162,"column":22},"end":{"line":162,"column":33}},{"start":{"line":162,"column":37},"end":{"line":162,"column":61}}],"line":162},"15":{"loc":{"start":{"line":193,"column":21},"end":{"line":193,"column":41}},"type":"default-arg","locations":[{"start":{"line":193,"column":30},"end":{"line":193,"column":41}}],"line":193},"16":{"loc":{"start":{"line":193,"column":60},"end":{"line":193,"column":77}},"type":"binary-expr","locations":[{"start":{"line":193,"column":60},"end":{"line":193,"column":71}},{"start":{"line":193,"column":75},"end":{"line":193,"column":77}}],"line":193},"17":{"loc":{"start":{"line":203,"column":8},"end":{"line":206,"column":9}},"type":"if","locations":[{"start":{"line":203,"column":8},"end":{"line":206,"column":9}},{"start":{},"end":{}}],"line":203},"18":{"loc":{"start":{"line":208,"column":8},"end":{"line":211,"column":9}},"type":"if","locations":[{"start":{"line":208,"column":8},"end":{"line":211,"column":9}},{"start":{},"end":{}}],"line":208},"19":{"loc":{"start":{"line":234,"column":12},"end":{"line":234,"column":22}},"type":"default-arg","locations":[{"start":{"line":234,"column":20},"end":{"line":234,"column":22}}],"line":234},"20":{"loc":{"start":{"line":234,"column":36},"end":{"line":234,"column":53}},"type":"binary-expr","locations":[{"start":{"line":234,"column":36},"end":{"line":234,"column":47}},{"start":{"line":234,"column":51},"end":{"line":234,"column":53}}],"line":234},"21":{"loc":{"start":{"line":246,"column":8},"end":{"line":248,"column":9}},"type":"if","locations":[{"start":{"line":246,"column":8},"end":{"line":248,"column":9}},{"start":{},"end":{}}],"line":246},"22":{"loc":{"start":{"line":263,"column":8},"end":{"line":267,"column":9}},"type":"if","locations":[{"start":{"line":263,"column":8},"end":{"line":267,"column":9}},{"start":{},"end":{}}],"line":263},"23":{"loc":{"start":{"line":289,"column":8},"end":{"line":294,"column":9}},"type":"if","locations":[{"start":{"line":289,"column":8},"end":{"line":294,"column":9}},{"start":{},"end":{}}],"line":289},"24":{"loc":{"start":{"line":297,"column":8},"end":{"line":302,"column":9}},"type":"if","locations":[{"start":{"line":297,"column":8},"end":{"line":302,"column":9}},{"start":{},"end":{}}],"line":297},"25":{"loc":{"start":{"line":297,"column":12},"end":{"line":297,"column":85}},"type":"binary-expr","locations":[{"start":{"line":297,"column":12},"end":{"line":297,"column":53}},{"start":{"line":297,"column":57},"end":{"line":297,"column":85}}],"line":297},"26":{"loc":{"start":{"line":323,"column":39},"end":{"line":323,"column":51}},"type":"default-arg","locations":[{"start":{"line":323,"column":50},"end":{"line":323,"column":51}}],"line":323},"27":{"loc":{"start":{"line":323,"column":53},"end":{"line":323,"column":72}},"type":"default-arg","locations":[{"start":{"line":323,"column":69},"end":{"line":323,"column":72}}],"line":323},"28":{"loc":{"start":{"line":327,"column":27},"end":{"line":327,"column":100}},"type":"cond-expr","locations":[{"start":{"line":327,"column":37},"end":{"line":327,"column":57}},{"start":{"line":327,"column":60},"end":{"line":327,"column":100}}],"line":327},"29":{"loc":{"start":{"line":356,"column":46},"end":{"line":356,"column":72}},"type":"default-arg","locations":[{"start":{"line":356,"column":62},"end":{"line":356,"column":72}}],"line":356},"30":{"loc":{"start":{"line":359,"column":27},"end":{"line":359,"column":104}},"type":"cond-expr","locations":[{"start":{"line":359,"column":37},"end":{"line":359,"column":55}},{"start":{"line":359,"column":58},"end":{"line":359,"column":104}}],"line":359},"31":{"loc":{"start":{"line":388,"column":39},"end":{"line":388,"column":52}},"type":"default-arg","locations":[{"start":{"line":388,"column":51},"end":{"line":388,"column":52}}],"line":388},"32":{"loc":{"start":{"line":388,"column":54},"end":{"line":388,"column":66}},"type":"default-arg","locations":[{"start":{"line":388,"column":65},"end":{"line":388,"column":66}}],"line":388},"33":{"loc":{"start":{"line":391,"column":29},"end":{"line":391,"column":132}},"type":"cond-expr","locations":[{"start":{"line":391,"column":47},"end":{"line":391,"column":81}},{"start":{"line":391,"column":84},"end":{"line":391,"column":132}}],"line":391},"34":{"loc":{"start":{"line":419,"column":12},"end":{"line":419,"column":30}},"type":"default-arg","locations":[{"start":{"line":419,"column":29},"end":{"line":419,"column":30}}],"line":419},"35":{"loc":{"start":{"line":419,"column":32},"end":{"line":419,"column":48}},"type":"default-arg","locations":[{"start":{"line":419,"column":47},"end":{"line":419,"column":48}}],"line":419},"36":{"loc":{"start":{"line":419,"column":50},"end":{"line":419,"column":62}},"type":"default-arg","locations":[{"start":{"line":419,"column":61},"end":{"line":419,"column":62}}],"line":419},"37":{"loc":{"start":{"line":477,"column":11},"end":{"line":477,"column":58}},"type":"binary-expr","locations":[{"start":{"line":477,"column":11},"end":{"line":477,"column":50}},{"start":{"line":477,"column":54},"end":{"line":477,"column":58}}],"line":477},"38":{"loc":{"start":{"line":493,"column":11},"end":{"line":493,"column":65}},"type":"binary-expr","locations":[{"start":{"line":493,"column":11},"end":{"line":493,"column":56}},{"start":{"line":493,"column":60},"end":{"line":493,"column":65}}],"line":493},"39":{"loc":{"start":{"line":508,"column":11},"end":{"line":508,"column":66}},"type":"binary-expr","locations":[{"start":{"line":508,"column":11},"end":{"line":508,"column":58}},{"start":{"line":508,"column":62},"end":{"line":508,"column":66}}],"line":508},"40":{"loc":{"start":{"line":518,"column":4},"end":{"line":527,"column":5}},"type":"if","locations":[{"start":{"line":518,"column":4},"end":{"line":527,"column":5}},{"start":{},"end":{}}],"line":518},"41":{"loc":{"start":{"line":530,"column":4},"end":{"line":539,"column":5}},"type":"if","locations":[{"start":{"line":530,"column":4},"end":{"line":539,"column":5}},{"start":{},"end":{}}],"line":530},"42":{"loc":{"start":{"line":542,"column":4},"end":{"line":551,"column":5}},"type":"if","locations":[{"start":{"line":542,"column":4},"end":{"line":551,"column":5}},{"start":{},"end":{}}],"line":542},"43":{"loc":{"start":{"line":581,"column":23},"end":{"line":581,"column":69}},"type":"binary-expr","locations":[{"start":{"line":581,"column":23},"end":{"line":581,"column":44}},{"start":{"line":581,"column":48},"end":{"line":581,"column":69}}],"line":581},"44":{"loc":{"start":{"line":582,"column":4},"end":{"line":582,"column":33}},"type":"if","locations":[{"start":{"line":582,"column":4},"end":{"line":582,"column":33}},{"start":{},"end":{}}],"line":582}},"s":{"0":1,"1":1,"2":1,"3":1,"4":1,"5":14,"6":14,"7":14,"8":14,"9":14,"10":1,"11":13,"12":13,"13":5,"14":2,"15":1,"16":1,"17":3,"18":1,"19":1,"20":1,"21":7,"22":7,"23":1,"24":6,"25":6,"26":6,"27":6,"28":6,"29":6,"30":6,"31":24,"32":6,"33":6,"34":6,"35":6,"36":6,"37":5,"38":1,"39":1,"40":2,"41":2,"42":1,"43":1,"44":1,"45":1,"46":1,"47":2,"48":2,"49":2,"50":2,"51":1,"52":1,"53":0,"54":0,"55":1,"56":1,"57":1,"58":1,"59":1,"60":1,"61":1,"62":0,"63":0,"64":1,"65":1,"66":0,"67":0,"68":1,"69":1,"70":1,"71":1,"72":0,"73":1,"74":1,"75":1,"76":0,"77":1,"78":0,"79":0,"80":3,"81":3,"82":3,"83":3,"84":1,"85":2,"86":1,"87":1,"88":0,"89":0,"90":6,"91":6,"92":6,"93":6,"94":6,"95":6,"96":6,"97":6,"98":6,"99":6,"100":6,"101":6,"102":6,"103":4,"104":4,"105":4,"106":4,"107":4,"108":4,"109":6,"110":6,"111":6,"112":6,"113":4,"114":4,"115":4,"116":4,"117":4,"118":4,"119":4,"120":4,"121":6,"122":6,"123":6,"124":6,"125":6,"126":6,"127":6,"128":14,"129":14,"130":14,"131":14,"132":3,"133":3,"134":6,"135":6,"136":4,"137":4,"138":4,"139":4,"140":6,"141":6,"142":1,"143":6,"144":0,"145":6,"146":0,"147":6,"148":1,"149":1,"150":1,"151":1,"152":1,"153":1,"154":1,"155":14,"156":14,"157":1,"158":13,"159":16},"f":{"0":14,"1":7,"2":24,"3":2,"4":1,"5":1,"6":3,"7":6,"8":6,"9":6,"10":6,"11":14,"12":6,"13":4,"14":4,"15":6,"16":1,"17":1,"18":14,"19":16},"b":{"0":[8,6],"1":[1,13],"2":[5,2,1,1,3,1],"3":[3],"4":[4],"5":[1,6],"6":[6,0],"7":[6,2],"8":[6,2],"9":[6,2],"10":[1],"11":[1,1],"12":[2,2,2],"13":[2,0],"14":[2,0],"15":[0],"16":[1,0],"17":[1,0],"18":[0,1],"19":[0],"20":[1,0],"21":[0,1],"22":[0,1],"23":[1,2],"24":[1,1],"25":[2,1],"26":[0],"27":[0],"28":[0,6],"29":[0],"30":[0,4],"31":[0],"32":[0],"33":[0,4],"34":[2],"35":[2],"36":[2],"37":[6,0],"38":[4,0],"39":[4,0],"40":[1,5],"41":[0,6],"42":[0,6],"43":[14,1],"44":[1,13]},"_coverageSchema":"1a1c01bbd47fc00a2c39e90264f33305004495a9","hash":"17f391751875be9b4782f5124c8bfee1010db3a5"}
}
