TN:
SF:src/index.js
FN:14,(anonymous_0)
FN:56,handleCalculateCost
FN:81,(anonymous_2)
FN:139,handleCompareConfigurations
FN:192,handleGetPricingData
FN:233,handleGetCalculationHistory
FN:280,handleGetCalculation
FN:318,calculateComputeCosts
FN:351,calculateStorageCosts
FN:383,calculateDatabaseCosts
FN:418,calculateNetworkCosts
FN:440,getPricingForService
FN:462,getDefaultPricing
FN:480,getDefaultStoragePricing
FN:496,getDefaultDatabasePricing
FN:514,generateRecommendations
FN:559,generateComparisonInsights
FN:560,(anonymous_17)
FN:580,extractUserContext
FN:596,createResponse
FNF:20
FNH:20
FNDA:14,(anonymous_0)
FNDA:7,handleCalculateCost
FNDA:24,(anonymous_2)
FNDA:2,handleCompareConfigurations
FNDA:1,handleGetPricingData
FNDA:1,handleGetCalculationHistory
FNDA:3,handleGetCalculation
FNDA:6,calculateComputeCosts
FNDA:6,calculateStorageCosts
FNDA:6,calculateDatabaseCosts
FNDA:6,calculateNetworkCosts
FNDA:14,getPricingForService
FNDA:6,getDefaultPricing
FNDA:4,getDefaultStoragePricing
FNDA:4,getDefaultDatabasePricing
FNDA:6,generateRecommendations
FNDA:1,generateComparisonInsights
FNDA:1,(anonymous_17)
FNDA:14,extractUserContext
FNDA:16,createResponse
DA:1,1
DA:4,1
DA:7,1
DA:8,1
DA:14,1
DA:15,14
DA:17,14
DA:19,14
DA:22,14
DA:23,14
DA:24,1
DA:28,13
DA:30,13
DA:32,5
DA:34,2
DA:36,1
DA:38,1
DA:40,3
DA:42,1
DA:45,1
DA:46,1
DA:57,7
DA:59,7
DA:60,1
DA:66,6
DA:68,6
DA:69,6
DA:70,6
DA:71,6
DA:74,6
DA:81,24
DA:82,6
DA:85,6
DA:101,6
DA:104,6
DA:119,6
DA:124,5
DA:131,1
DA:132,1
DA:140,2
DA:142,2
DA:143,1
DA:149,1
DA:150,1
DA:152,1
DA:153,2
DA:154,2
DA:160,2
DA:161,2
DA:171,1
DA:173,1
DA:184,0
DA:185,0
DA:193,1
DA:195,1
DA:196,1
DA:203,1
DA:204,1
DA:205,1
DA:208,1
DA:209,0
DA:210,0
DA:213,1
DA:215,1
DA:225,0
DA:226,0
DA:234,1
DA:236,1
DA:237,1
DA:246,1
DA:247,0
DA:250,1
DA:252,1
DA:263,1
DA:264,0
DA:269,1
DA:272,0
DA:273,0
DA:281,3
DA:282,3
DA:287,3
DA:289,3
DA:290,1
DA:297,2
DA:298,1
DA:304,1
DA:310,0
DA:311,0
DA:319,6
DA:320,6
DA:322,6
DA:323,6
DA:326,6
DA:327,6
DA:329,6
DA:330,6
DA:332,6
DA:342,6
DA:352,6
DA:353,6
DA:355,6
DA:356,4
DA:358,4
DA:359,4
DA:361,4
DA:362,4
DA:364,4
DA:374,6
DA:384,6
DA:385,6
DA:387,6
DA:388,4
DA:390,4
DA:391,4
DA:393,4
DA:394,4
DA:396,4
DA:397,4
DA:399,4
DA:409,6
DA:419,6
DA:421,6
DA:422,6
DA:423,6
DA:425,6
DA:427,6
DA:441,14
DA:442,14
DA:451,14
DA:452,14
DA:454,3
DA:455,3
DA:463,6
DA:477,6
DA:481,4
DA:493,4
DA:497,4
DA:508,4
DA:515,6
DA:518,6
DA:519,1
DA:530,6
DA:531,0
DA:542,6
DA:543,0
DA:553,6
DA:560,1
DA:561,1
DA:562,1
DA:564,1
DA:565,1
DA:567,1
DA:581,14
DA:582,14
DA:584,13
DA:597,16
LF:156
LH:142
BRDA:19,0,0,8
BRDA:19,0,1,6
BRDA:23,1,0,1
BRDA:23,1,1,13
BRDA:30,2,0,5
BRDA:30,2,1,2
BRDA:30,2,2,1
BRDA:30,2,3,1
BRDA:30,2,4,3
BRDA:30,2,5,1
BRDA:57,3,0,3
BRDA:57,4,0,4
BRDA:59,5,0,1
BRDA:59,5,1,6
BRDA:68,6,0,6
BRDA:68,6,1,0
BRDA:69,7,0,6
BRDA:69,7,1,2
BRDA:70,8,0,6
BRDA:70,8,1,2
BRDA:71,9,0,6
BRDA:71,9,1,2
BRDA:140,10,0,1
BRDA:142,11,0,1
BRDA:142,11,1,1
BRDA:142,12,0,2
BRDA:142,12,1,2
BRDA:142,12,2,2
BRDA:157,13,0,2
BRDA:157,13,1,0
BRDA:162,14,0,2
BRDA:162,14,1,0
BRDA:193,15,0,0
BRDA:193,16,0,1
BRDA:193,16,1,0
BRDA:203,17,0,1
BRDA:203,17,1,0
BRDA:208,18,0,0
BRDA:208,18,1,1
BRDA:234,19,0,0
BRDA:234,20,0,1
BRDA:234,20,1,0
BRDA:246,21,0,0
BRDA:246,21,1,1
BRDA:263,22,0,0
BRDA:263,22,1,1
BRDA:289,23,0,1
BRDA:289,23,1,2
BRDA:297,24,0,1
BRDA:297,24,1,1
BRDA:297,25,0,2
BRDA:297,25,1,1
BRDA:323,26,0,0
BRDA:323,27,0,0
BRDA:327,28,0,0
BRDA:327,28,1,6
BRDA:356,29,0,0
BRDA:359,30,0,0
BRDA:359,30,1,4
BRDA:388,31,0,0
BRDA:388,32,0,0
BRDA:391,33,0,0
BRDA:391,33,1,4
BRDA:419,34,0,2
BRDA:419,35,0,2
BRDA:419,36,0,2
BRDA:477,37,0,6
BRDA:477,37,1,0
BRDA:493,38,0,4
BRDA:493,38,1,0
BRDA:508,39,0,4
BRDA:508,39,1,0
BRDA:518,40,0,1
BRDA:518,40,1,5
BRDA:530,41,0,0
BRDA:530,41,1,6
BRDA:542,42,0,0
BRDA:542,42,1,6
BRDA:581,43,0,14
BRDA:581,43,1,1
BRDA:582,44,0,1
BRDA:582,44,1,13
BRF:82
BRH:58
end_of_record
