{"/Users/jvera/VCS-Workspace/AI-PreSales/4-Development/components/frontend-application/src/App.js": {"path":"/Users/jvera/VCS-Workspace/AI-PreSales/4-Development/components/frontend-application/src/App.js","statementMap":{"0":{"start":{"line":16,"column":22},"end":{"line":16,"column":36}},"1":{"start":{"line":18,"column":2},"end":{"line":27,"column":22}},"2":{"start":{"line":19,"column":4},"end":{"line":26,"column":5}},"3":{"start":{"line":20,"column":6},"end":{"line":25,"column":9}},"4":{"start":{"line":29,"column":2},"end":{"line":41,"column":4}}},"fnMap":{"0":{"name":"App","decl":{"start":{"line":15,"column":9},"end":{"line":15,"column":12}},"loc":{"start":{"line":15,"column":32},"end":{"line":42,"column":1}},"line":15},"1":{"name":"(anonymous_1)","decl":{"start":{"line":18,"column":18},"end":{"line":18,"column":19}},"loc":{"start":{"line":18,"column":24},"end":{"line":27,"column":3}},"line":18}},"branchMap":{"0":{"loc":{"start":{"line":19,"column":4},"end":{"line":26,"column":5}},"type":"if","locations":[{"start":{"line":19,"column":4},"end":{"line":26,"column":5}},{"start":{},"end":{}}],"line":19},"1":{"loc":{"start":{"line":23,"column":14},"end":{"line":23,"column":51}},"type":"binary-expr","locations":[{"start":{"line":23,"column":14},"end":{"line":23,"column":34}},{"start":{"line":23,"column":38},"end":{"line":23,"column":51}}],"line":23},"2":{"loc":{"start":{"line":24,"column":14},"end":{"line":24,"column":54}},"type":"binary-expr","locations":[{"start":{"line":24,"column":14},"end":{"line":24,"column":44}},{"start":{"line":24,"column":48},"end":{"line":24,"column":54}}],"line":24}},"s":{"0":0,"1":0,"2":0,"3":0,"4":0},"f":{"0":0,"1":0},"b":{"0":[0,0],"1":[0,0],"2":[0,0]}}
,"/Users/jvera/VCS-Workspace/AI-PreSales/4-Development/components/frontend-application/src/index.js": {"path":"/Users/jvera/VCS-Workspace/AI-PreSales/4-Development/components/frontend-application/src/index.js","statementMap":{"0":{"start":{"line":10,"column":22},"end":{"line":27,"column":1}},"1":{"start":{"line":29,"column":0},"end":{"line":29,"column":33}},"2":{"start":{"line":31,"column":20},"end":{"line":39,"column":2}},"3":{"start":{"line":41,"column":13},"end":{"line":41,"column":65}},"4":{"start":{"line":42,"column":0},"end":{"line":50,"column":2}}},"fnMap":{},"branchMap":{"0":{"loc":{"start":{"line":12,"column":12},"end":{"line":12,"column":59}},"type":"binary-expr","locations":[{"start":{"line":12,"column":12},"end":{"line":12,"column":44}},{"start":{"line":12,"column":48},"end":{"line":12,"column":59}}],"line":12},"1":{"loc":{"start":{"line":23,"column":16},"end":{"line":23,"column":63}},"type":"binary-expr","locations":[{"start":{"line":23,"column":16},"end":{"line":23,"column":48}},{"start":{"line":23,"column":52},"end":{"line":23,"column":63}}],"line":23}},"s":{"0":0,"1":0,"2":0,"3":0,"4":0},"f":{},"b":{"0":[0,0],"1":[0,0]}}
,"/Users/jvera/VCS-Workspace/AI-PreSales/4-Development/components/frontend-application/src/components/Layout.js": {"path":"/Users/jvera/VCS-Workspace/AI-PreSales/4-Development/components/frontend-application/src/components/Layout.js","statementMap":{"0":{"start":{"line":5,"column":15},"end":{"line":68,"column":1}},"1":{"start":{"line":6,"column":19},"end":{"line":6,"column":32}},"2":{"start":{"line":7,"column":22},"end":{"line":7,"column":36}},"3":{"start":{"line":9,"column":21},"end":{"line":15,"column":3}},"4":{"start":{"line":17,"column":2},"end":{"line":19,"column":3}},"5":{"start":{"line":18,"column":4},"end":{"line":18,"column":67}},"6":{"start":{"line":21,"column":2},"end":{"line":67,"column":4}},"7":{"start":{"line":34,"column":18},"end":{"line":45,"column":25}}},"fnMap":{"0":{"name":"(anonymous_0)","decl":{"start":{"line":5,"column":15},"end":{"line":5,"column":16}},"loc":{"start":{"line":5,"column":48},"end":{"line":68,"column":1}},"line":5},"1":{"name":"(anonymous_1)","decl":{"start":{"line":33,"column":32},"end":{"line":33,"column":33}},"loc":{"start":{"line":34,"column":18},"end":{"line":45,"column":25}},"line":34}},"branchMap":{"0":{"loc":{"start":{"line":17,"column":2},"end":{"line":19,"column":3}},"type":"if","locations":[{"start":{"line":17,"column":2},"end":{"line":19,"column":3}},{"start":{},"end":{}}],"line":17},"1":{"loc":{"start":{"line":38,"column":22},"end":{"line":40,"column":102}},"type":"cond-expr","locations":[{"start":{"line":39,"column":26},"end":{"line":39,"column":57}},{"start":{"line":40,"column":26},"end":{"line":40,"column":102}}],"line":38},"2":{"loc":{"start":{"line":51,"column":26},"end":{"line":51,"column":66}},"type":"binary-expr","locations":[{"start":{"line":51,"column":26},"end":{"line":51,"column":48}},{"start":{"line":51,"column":52},"end":{"line":51,"column":66}}],"line":51}},"s":{"0":0,"1":0,"2":0,"3":0,"4":0,"5":0,"6":0,"7":0},"f":{"0":0,"1":0},"b":{"0":[0,0],"1":[0,0],"2":[0,0]}}
,"/Users/jvera/VCS-Workspace/AI-PreSales/4-Development/components/frontend-application/src/pages/CostEstimation.js": {"path":"/Users/jvera/VCS-Workspace/AI-PreSales/4-Development/components/frontend-application/src/pages/CostEstimation.js","statementMap":{"0":{"start":{"line":6,"column":23},"end":{"line":127,"column":1}},"1":{"start":{"line":7,"column":38},"end":{"line":7,"column":52}},"2":{"start":{"line":8,"column":60},"end":{"line":8,"column":69}},"3":{"start":{"line":10,"column":29},"end":{"line":20,"column":3}},"4":{"start":{"line":11,"column":14},"end":{"line":11,"column":44}},"5":{"start":{"line":14,"column":8},"end":{"line":14,"column":30}},"6":{"start":{"line":17,"column":8},"end":{"line":17,"column":51}},"7":{"start":{"line":22,"column":19},"end":{"line":24,"column":3}},"8":{"start":{"line":23,"column":4},"end":{"line":23,"column":36}},"9":{"start":{"line":26,"column":2},"end":{"line":126,"column":4}}},"fnMap":{"0":{"name":"(anonymous_0)","decl":{"start":{"line":6,"column":23},"end":{"line":6,"column":24}},"loc":{"start":{"line":6,"column":29},"end":{"line":127,"column":1}},"line":6},"1":{"name":"(anonymous_1)","decl":{"start":{"line":11,"column":4},"end":{"line":11,"column":5}},"loc":{"start":{"line":11,"column":14},"end":{"line":11,"column":44}},"line":11},"2":{"name":"(anonymous_2)","decl":{"start":{"line":13,"column":17},"end":{"line":13,"column":18}},"loc":{"start":{"line":13,"column":29},"end":{"line":15,"column":7}},"line":13},"3":{"name":"(anonymous_3)","decl":{"start":{"line":16,"column":15},"end":{"line":16,"column":16}},"loc":{"start":{"line":16,"column":26},"end":{"line":18,"column":7}},"line":16},"4":{"name":"(anonymous_4)","decl":{"start":{"line":22,"column":19},"end":{"line":22,"column":20}},"loc":{"start":{"line":22,"column":29},"end":{"line":24,"column":3}},"line":22}},"branchMap":{"0":{"loc":{"start":{"line":42,"column":15},"end":{"line":44,"column":15}},"type":"binary-expr","locations":[{"start":{"line":42,"column":15},"end":{"line":42,"column":33}},{"start":{"line":43,"column":16},"end":{"line":43,"column":89}}],"line":42},"1":{"loc":{"start":{"line":60,"column":15},"end":{"line":62,"column":15}},"type":"binary-expr","locations":[{"start":{"line":60,"column":15},"end":{"line":60,"column":28}},{"start":{"line":61,"column":16},"end":{"line":61,"column":84}}],"line":60},"2":{"loc":{"start":{"line":75,"column":15},"end":{"line":77,"column":15}},"type":"binary-expr","locations":[{"start":{"line":75,"column":15},"end":{"line":75,"column":34}},{"start":{"line":76,"column":16},"end":{"line":76,"column":90}}],"line":75},"3":{"loc":{"start":{"line":94,"column":15},"end":{"line":96,"column":15}},"type":"binary-expr","locations":[{"start":{"line":94,"column":15},"end":{"line":94,"column":34}},{"start":{"line":95,"column":16},"end":{"line":95,"column":90}}],"line":94},"4":{"loc":{"start":{"line":105,"column":13},"end":{"line":105,"column":79}},"type":"cond-expr","locations":[{"start":{"line":105,"column":44},"end":{"line":105,"column":60}},{"start":{"line":105,"column":63},"end":{"line":105,"column":79}}],"line":105},"5":{"loc":{"start":{"line":109,"column":9},"end":{"line":123,"column":9}},"type":"binary-expr","locations":[{"start":{"line":109,"column":9},"end":{"line":109,"column":19}},{"start":{"line":110,"column":10},"end":{"line":122,"column":16}}],"line":109}},"s":{"0":0,"1":0,"2":0,"3":0,"4":0,"5":0,"6":0,"7":0,"8":0,"9":0},"f":{"0":0,"1":0,"2":0,"3":0,"4":0},"b":{"0":[0,0],"1":[0,0],"2":[0,0],"3":[0,0],"4":[0,0],"5":[0,0]}}
,"/Users/jvera/VCS-Workspace/AI-PreSales/4-Development/components/frontend-application/src/pages/Dashboard.js": {"path":"/Users/jvera/VCS-Workspace/AI-PreSales/4-Development/components/frontend-application/src/pages/Dashboard.js","statementMap":{"0":{"start":{"line":5,"column":18},"end":{"line":52,"column":1}},"1":{"start":{"line":6,"column":37},"end":{"line":10,"column":3}},"2":{"start":{"line":8,"column":10},"end":{"line":8,"column":40}},"3":{"start":{"line":12,"column":2},"end":{"line":14,"column":3}},"4":{"start":{"line":13,"column":4},"end":{"line":13,"column":69}},"5":{"start":{"line":16,"column":2},"end":{"line":51,"column":4}},"6":{"start":{"line":40,"column":14},"end":{"line":43,"column":20}}},"fnMap":{"0":{"name":"(anonymous_0)","decl":{"start":{"line":5,"column":18},"end":{"line":5,"column":19}},"loc":{"start":{"line":5,"column":24},"end":{"line":52,"column":1}},"line":5},"1":{"name":"(anonymous_1)","decl":{"start":{"line":8,"column":4},"end":{"line":8,"column":5}},"loc":{"start":{"line":8,"column":10},"end":{"line":8,"column":40}},"line":8},"2":{"name":"(anonymous_2)","decl":{"start":{"line":39,"column":40},"end":{"line":39,"column":41}},"loc":{"start":{"line":40,"column":14},"end":{"line":43,"column":20}},"line":40}},"branchMap":{"0":{"loc":{"start":{"line":12,"column":2},"end":{"line":14,"column":3}},"type":"if","locations":[{"start":{"line":12,"column":2},"end":{"line":14,"column":3}},{"start":{},"end":{}}],"line":12},"1":{"loc":{"start":{"line":24,"column":61},"end":{"line":24,"column":89}},"type":"binary-expr","locations":[{"start":{"line":24,"column":61},"end":{"line":24,"column":84}},{"start":{"line":24,"column":88},"end":{"line":24,"column":89}}],"line":24},"2":{"loc":{"start":{"line":28,"column":62},"end":{"line":28,"column":92}},"type":"binary-expr","locations":[{"start":{"line":28,"column":62},"end":{"line":28,"column":87}},{"start":{"line":28,"column":91},"end":{"line":28,"column":92}}],"line":28},"3":{"loc":{"start":{"line":32,"column":64},"end":{"line":32,"column":87}},"type":"binary-expr","locations":[{"start":{"line":32,"column":64},"end":{"line":32,"column":82}},{"start":{"line":32,"column":86},"end":{"line":32,"column":87}}],"line":32},"4":{"loc":{"start":{"line":39,"column":13},"end":{"line":46,"column":13}},"type":"binary-expr","locations":[{"start":{"line":39,"column":13},"end":{"line":44,"column":14}},{"start":{"line":45,"column":14},"end":{"line":45,"column":65}}],"line":39}},"s":{"0":0,"1":0,"2":0,"3":0,"4":0,"5":0,"6":0},"f":{"0":0,"1":0,"2":0},"b":{"0":[0,0],"1":[0,0],"2":[0,0],"3":[0,0],"4":[0,0]}}
,"/Users/jvera/VCS-Workspace/AI-PreSales/4-Development/components/frontend-application/src/services/apiService.js": {"path":"/Users/jvera/VCS-Workspace/AI-PreSales/4-Development/components/frontend-application/src/services/apiService.js","statementMap":{"0":{"start":{"line":4,"column":21},"end":{"line":4,"column":84}},"1":{"start":{"line":8,"column":4},"end":{"line":11,"column":7}},"2":{"start":{"line":13,"column":4},"end":{"line":22,"column":7}},"3":{"start":{"line":14,"column":6},"end":{"line":20,"column":7}},"4":{"start":{"line":15,"column":24},"end":{"line":15,"column":51}},"5":{"start":{"line":16,"column":22},"end":{"line":16,"column":56}},"6":{"start":{"line":17,"column":8},"end":{"line":17,"column":57}},"7":{"start":{"line":19,"column":8},"end":{"line":19,"column":47}},"8":{"start":{"line":21,"column":6},"end":{"line":21,"column":20}},"9":{"start":{"line":24,"column":4},"end":{"line":32,"column":6}},"10":{"start":{"line":25,"column":20},"end":{"line":25,"column":33}},"11":{"start":{"line":27,"column":8},"end":{"line":29,"column":9}},"12":{"start":{"line":28,"column":10},"end":{"line":28,"column":25}},"13":{"start":{"line":30,"column":8},"end":{"line":30,"column":37}},"14":{"start":{"line":37,"column":4},"end":{"line":37,"column":47}},"15":{"start":{"line":42,"column":4},"end":{"line":42,"column":64}},"16":{"start":{"line":46,"column":4},"end":{"line":46,"column":73}},"17":{"start":{"line":51,"column":21},"end":{"line":51,"column":35}},"18":{"start":{"line":52,"column":4},"end":{"line":52,"column":34}},"19":{"start":{"line":53,"column":4},"end":{"line":55,"column":7}},"20":{"start":{"line":59,"column":4},"end":{"line":59,"column":61}},"21":{"start":{"line":63,"column":4},"end":{"line":63,"column":64}},"22":{"start":{"line":68,"column":4},"end":{"line":68,"column":57}},"23":{"start":{"line":72,"column":4},"end":{"line":72,"column":41}},"24":{"start":{"line":76,"column":4},"end":{"line":76,"column":62}},"25":{"start":{"line":80,"column":4},"end":{"line":82,"column":7}},"26":{"start":{"line":87,"column":4},"end":{"line":87,"column":40}},"27":{"start":{"line":91,"column":4},"end":{"line":91,"column":49}},"28":{"start":{"line":95,"column":4},"end":{"line":95,"column":43}},"29":{"start":{"line":99,"column":4},"end":{"line":99,"column":69}},"30":{"start":{"line":103,"column":26},"end":{"line":103,"column":42}}},"fnMap":{"0":{"name":"(anonymous_0)","decl":{"start":{"line":7,"column":2},"end":{"line":7,"column":3}},"loc":{"start":{"line":7,"column":16},"end":{"line":33,"column":3}},"line":7},"1":{"name":"(anonymous_1)","decl":{"start":{"line":13,"column":41},"end":{"line":13,"column":42}},"loc":{"start":{"line":13,"column":59},"end":{"line":22,"column":5}},"line":13},"2":{"name":"(anonymous_2)","decl":{"start":{"line":25,"column":6},"end":{"line":25,"column":7}},"loc":{"start":{"line":25,"column":20},"end":{"line":25,"column":33}},"line":25},"3":{"name":"(anonymous_3)","decl":{"start":{"line":26,"column":6},"end":{"line":26,"column":7}},"loc":{"start":{"line":26,"column":17},"end":{"line":31,"column":7}},"line":26},"4":{"name":"(anonymous_4)","decl":{"start":{"line":36,"column":2},"end":{"line":36,"column":3}},"loc":{"start":{"line":36,"column":28},"end":{"line":38,"column":3}},"line":36},"5":{"name":"(anonymous_5)","decl":{"start":{"line":41,"column":2},"end":{"line":41,"column":3}},"loc":{"start":{"line":41,"column":36},"end":{"line":43,"column":3}},"line":41},"6":{"name":"(anonymous_6)","decl":{"start":{"line":45,"column":2},"end":{"line":45,"column":3}},"loc":{"start":{"line":45,"column":46},"end":{"line":47,"column":3}},"line":45},"7":{"name":"(anonymous_7)","decl":{"start":{"line":50,"column":2},"end":{"line":50,"column":3}},"loc":{"start":{"line":50,"column":26},"end":{"line":56,"column":3}},"line":50},"8":{"name":"(anonymous_8)","decl":{"start":{"line":58,"column":2},"end":{"line":58,"column":3}},"loc":{"start":{"line":58,"column":32},"end":{"line":60,"column":3}},"line":58},"9":{"name":"(anonymous_9)","decl":{"start":{"line":62,"column":2},"end":{"line":62,"column":3}},"loc":{"start":{"line":62,"column":35},"end":{"line":64,"column":3}},"line":62},"10":{"name":"(anonymous_10)","decl":{"start":{"line":67,"column":2},"end":{"line":67,"column":3}},"loc":{"start":{"line":67,"column":31},"end":{"line":69,"column":3}},"line":67},"11":{"name":"(anonymous_11)","decl":{"start":{"line":71,"column":2},"end":{"line":71,"column":3}},"loc":{"start":{"line":71,"column":23},"end":{"line":73,"column":3}},"line":71},"12":{"name":"(anonymous_12)","decl":{"start":{"line":75,"column":2},"end":{"line":75,"column":3}},"loc":{"start":{"line":75,"column":38},"end":{"line":77,"column":3}},"line":75},"13":{"name":"(anonymous_13)","decl":{"start":{"line":79,"column":2},"end":{"line":79,"column":3}},"loc":{"start":{"line":79,"column":37},"end":{"line":83,"column":3}},"line":79},"14":{"name":"(anonymous_14)","decl":{"start":{"line":86,"column":2},"end":{"line":86,"column":3}},"loc":{"start":{"line":86,"column":25},"end":{"line":88,"column":3}},"line":86},"15":{"name":"(anonymous_15)","decl":{"start":{"line":90,"column":2},"end":{"line":90,"column":3}},"loc":{"start":{"line":90,"column":35},"end":{"line":92,"column":3}},"line":90},"16":{"name":"(anonymous_16)","decl":{"start":{"line":94,"column":2},"end":{"line":94,"column":3}},"loc":{"start":{"line":94,"column":19},"end":{"line":96,"column":3}},"line":94},"17":{"name":"(anonymous_17)","decl":{"start":{"line":98,"column":2},"end":{"line":98,"column":3}},"loc":{"start":{"line":98,"column":37},"end":{"line":100,"column":3}},"line":98}},"branchMap":{"0":{"loc":{"start":{"line":4,"column":21},"end":{"line":4,"column":84}},"type":"binary-expr","locations":[{"start":{"line":4,"column":21},"end":{"line":4,"column":55}},{"start":{"line":4,"column":59},"end":{"line":4,"column":84}}],"line":4},"1":{"loc":{"start":{"line":27,"column":8},"end":{"line":29,"column":9}},"type":"if","locations":[{"start":{"line":27,"column":8},"end":{"line":29,"column":9}},{"start":{},"end":{}}],"line":27}},"s":{"0":0,"1":0,"2":0,"3":0,"4":0,"5":0,"6":0,"7":0,"8":0,"9":0,"10":0,"11":0,"12":0,"13":0,"14":0,"15":0,"16":0,"17":0,"18":0,"19":0,"20":0,"21":0,"22":0,"23":0,"24":0,"25":0,"26":0,"27":0,"28":0,"29":0,"30":0},"f":{"0":0,"1":0,"2":0,"3":0,"4":0,"5":0,"6":0,"7":0,"8":0,"9":0,"10":0,"11":0,"12":0,"13":0,"14":0,"15":0,"16":0,"17":0},"b":{"0":[0,0],"1":[0,0]}}
,"/Users/jvera/VCS-Workspace/AI-PreSales/4-Development/components/frontend-application/src/stores/authStore.js": {"path":"/Users/jvera/VCS-Workspace/AI-PreSales/4-Development/components/frontend-application/src/stores/authStore.js","statementMap":{"0":{"start":{"line":3,"column":28},"end":{"line":21,"column":3}},"1":{"start":{"line":3,"column":50},"end":{"line":21,"column":1}},"2":{"start":{"line":7,"column":21},"end":{"line":10,"column":4}},"3":{"start":{"line":12,"column":16},"end":{"line":15,"column":4}},"4":{"start":{"line":18,"column":21},"end":{"line":18,"column":26}},"5":{"start":{"line":19,"column":4},"end":{"line":19,"column":57}}},"fnMap":{"0":{"name":"(anonymous_0)","decl":{"start":{"line":3,"column":35},"end":{"line":3,"column":36}},"loc":{"start":{"line":3,"column":50},"end":{"line":21,"column":1}},"line":3},"1":{"name":"(anonymous_1)","decl":{"start":{"line":7,"column":11},"end":{"line":7,"column":12}},"loc":{"start":{"line":7,"column":21},"end":{"line":10,"column":4}},"line":7},"2":{"name":"(anonymous_2)","decl":{"start":{"line":12,"column":10},"end":{"line":12,"column":11}},"loc":{"start":{"line":12,"column":16},"end":{"line":15,"column":4}},"line":12},"3":{"name":"(anonymous_3)","decl":{"start":{"line":17,"column":11},"end":{"line":17,"column":12}},"loc":{"start":{"line":17,"column":21},"end":{"line":20,"column":3}},"line":17}},"branchMap":{"0":{"loc":{"start":{"line":19,"column":11},"end":{"line":19,"column":56}},"type":"binary-expr","locations":[{"start":{"line":19,"column":11},"end":{"line":19,"column":30}},{"start":{"line":19,"column":34},"end":{"line":19,"column":56}}],"line":19}},"s":{"0":0,"1":0,"2":0,"3":0,"4":0,"5":0},"f":{"0":0,"1":0,"2":0,"3":0},"b":{"0":[0,0]}}
}
