{"/Users/jvera/VCS-Workspace/AI-PreSales/4-Development/components/excel-processor-service/src/index.js": {"path":"/Users/jvera/VCS-Workspace/AI-PreSales/4-Development/components/excel-processor-service/src/index.js","statementMap":{"0":{"start":{"line":1,"column":12},"end":{"line":1,"column":30}},"1":{"start":{"line":2,"column":13},"end":{"line":2,"column":28}},"2":{"start":{"line":4,"column":17},"end":{"line":4,"column":50}},"3":{"start":{"line":5,"column":11},"end":{"line":5,"column":23}},"4":{"start":{"line":6,"column":15},"end":{"line":6,"column":31}},"5":{"start":{"line":8,"column":24},"end":{"line":8,"column":72}},"6":{"start":{"line":9,"column":29},"end":{"line":9,"column":87}},"7":{"start":{"line":10,"column":25},"end":{"line":10,"column":81}},"8":{"start":{"line":13,"column":25},"end":{"line":37,"column":1}},"9":{"start":{"line":39,"column":0},"end":{"line":85,"column":2}},"10":{"start":{"line":40,"column":2},"end":{"line":40,"column":72}},"11":{"start":{"line":42,"column":2},"end":{"line":84,"column":3}},"12":{"start":{"line":43,"column":64},"end":{"line":43,"column":69}},"13":{"start":{"line":44,"column":19},"end":{"line":44,"column":39}},"14":{"start":{"line":46,"column":4},"end":{"line":48,"column":5}},"15":{"start":{"line":47,"column":6},"end":{"line":47,"column":71}},"16":{"start":{"line":51,"column":4},"end":{"line":53,"column":5}},"17":{"start":{"line":52,"column":6},"end":{"line":52,"column":62}},"18":{"start":{"line":55,"column":4},"end":{"line":57,"column":5}},"19":{"start":{"line":56,"column":6},"end":{"line":56,"column":70}},"20":{"start":{"line":59,"column":4},"end":{"line":61,"column":5}},"21":{"start":{"line":60,"column":6},"end":{"line":60,"column":66}},"22":{"start":{"line":63,"column":4},"end":{"line":65,"column":5}},"23":{"start":{"line":64,"column":6},"end":{"line":64,"column":46}},"24":{"start":{"line":67,"column":4},"end":{"line":70,"column":5}},"25":{"start":{"line":68,"column":24},"end":{"line":68,"column":42}},"26":{"start":{"line":69,"column":6},"end":{"line":69,"column":61}},"27":{"start":{"line":72,"column":4},"end":{"line":74,"column":5}},"28":{"start":{"line":73,"column":6},"end":{"line":73,"column":54}},"29":{"start":{"line":76,"column":4},"end":{"line":76,"column":64}},"30":{"start":{"line":79,"column":4},"end":{"line":79,"column":51}},"31":{"start":{"line":80,"column":4},"end":{"line":83,"column":7}},"32":{"start":{"line":88,"column":50},"end":{"line":88,"column":54}},"33":{"start":{"line":90,"column":2},"end":{"line":94,"column":3}},"34":{"start":{"line":91,"column":4},"end":{"line":93,"column":7}},"35":{"start":{"line":96,"column":2},"end":{"line":147,"column":3}},"36":{"start":{"line":98,"column":19},"end":{"line":98,"column":53}},"37":{"start":{"line":101,"column":21},"end":{"line":101,"column":58}},"38":{"start":{"line":104,"column":4},"end":{"line":106,"column":5}},"39":{"start":{"line":105,"column":6},"end":{"line":105,"column":83}},"40":{"start":{"line":109,"column":18},"end":{"line":109,"column":63}},"41":{"start":{"line":110,"column":4},"end":{"line":115,"column":17}},"42":{"start":{"line":118,"column":25},"end":{"line":127,"column":5}},"43":{"start":{"line":129,"column":4},"end":{"line":132,"column":17}},"44":{"start":{"line":134,"column":4},"end":{"line":139,"column":7}},"45":{"start":{"line":142,"column":4},"end":{"line":142,"column":47}},"46":{"start":{"line":143,"column":4},"end":{"line":146,"column":7}},"47":{"start":{"line":151,"column":37},"end":{"line":151,"column":41}},"48":{"start":{"line":153,"column":2},"end":{"line":157,"column":3}},"49":{"start":{"line":154,"column":4},"end":{"line":156,"column":7}},"50":{"start":{"line":159,"column":2},"end":{"line":207,"column":3}},"51":{"start":{"line":161,"column":25},"end":{"line":164,"column":16}},"52":{"start":{"line":166,"column":4},"end":{"line":168,"column":5}},"53":{"start":{"line":167,"column":6},"end":{"line":167,"column":64}},"54":{"start":{"line":171,"column":21},"end":{"line":174,"column":16}},"55":{"start":{"line":177,"column":21},"end":{"line":177,"column":65}},"56":{"start":{"line":180,"column":29},"end":{"line":180,"column":69}},"57":{"start":{"line":183,"column":4},"end":{"line":193,"column":17}},"58":{"start":{"line":195,"column":4},"end":{"line":199,"column":7}},"59":{"start":{"line":202,"column":4},"end":{"line":202,"column":55}},"60":{"start":{"line":203,"column":4},"end":{"line":206,"column":7}},"61":{"start":{"line":211,"column":38},"end":{"line":211,"column":42}},"62":{"start":{"line":213,"column":2},"end":{"line":215,"column":3}},"63":{"start":{"line":214,"column":4},"end":{"line":214,"column":78}},"64":{"start":{"line":217,"column":2},"end":{"line":290,"column":3}},"65":{"start":{"line":219,"column":25},"end":{"line":222,"column":16}},"66":{"start":{"line":224,"column":4},"end":{"line":226,"column":5}},"67":{"start":{"line":225,"column":6},"end":{"line":225,"column":64}},"68":{"start":{"line":228,"column":25},"end":{"line":228,"column":42}},"69":{"start":{"line":230,"column":4},"end":{"line":235,"column":5}},"70":{"start":{"line":231,"column":6},"end":{"line":234,"column":9}},"71":{"start":{"line":238,"column":21},"end":{"line":241,"column":16}},"72":{"start":{"line":244,"column":21},"end":{"line":244,"column":65}},"73":{"start":{"line":245,"column":26},"end":{"line":245,"column":94}},"74":{"start":{"line":248,"column":26},"end":{"line":257,"column":5}},"75":{"start":{"line":259,"column":4},"end":{"line":262,"column":17}},"76":{"start":{"line":265,"column":4},"end":{"line":275,"column":17}},"77":{"start":{"line":277,"column":4},"end":{"line":282,"column":7}},"78":{"start":{"line":285,"column":4},"end":{"line":285,"column":51}},"79":{"start":{"line":286,"column":4},"end":{"line":289,"column":7}},"80":{"start":{"line":294,"column":2},"end":{"line":313,"column":3}},"81":{"start":{"line":296,"column":22},"end":{"line":300,"column":7}},"82":{"start":{"line":296,"column":73},"end":{"line":300,"column":5}},"83":{"start":{"line":302,"column":4},"end":{"line":305,"column":7}},"84":{"start":{"line":308,"column":4},"end":{"line":308,"column":49}},"85":{"start":{"line":309,"column":4},"end":{"line":312,"column":7}},"86":{"start":{"line":317,"column":2},"end":{"line":338,"column":3}},"87":{"start":{"line":318,"column":19},"end":{"line":321,"column":16}},"88":{"start":{"line":323,"column":4},"end":{"line":325,"column":5}},"89":{"start":{"line":324,"column":6},"end":{"line":324,"column":72}},"90":{"start":{"line":327,"column":4},"end":{"line":330,"column":7}},"91":{"start":{"line":333,"column":4},"end":{"line":333,"column":54}},"92":{"start":{"line":334,"column":4},"end":{"line":337,"column":7}},"93":{"start":{"line":342,"column":2},"end":{"line":373,"column":3}},"94":{"start":{"line":343,"column":19},"end":{"line":350,"column":16}},"95":{"start":{"line":352,"column":20},"end":{"line":360,"column":7}},"96":{"start":{"line":352,"column":46},"end":{"line":360,"column":5}},"97":{"start":{"line":362,"column":4},"end":{"line":365,"column":7}},"98":{"start":{"line":368,"column":4},"end":{"line":368,"column":58}},"99":{"start":{"line":369,"column":4},"end":{"line":372,"column":7}},"100":{"start":{"line":377,"column":17},"end":{"line":377,"column":47}},"101":{"start":{"line":378,"column":2},"end":{"line":383,"column":3}},"102":{"start":{"line":379,"column":4},"end":{"line":382,"column":6}},"103":{"start":{"line":385,"column":17},"end":{"line":385,"column":19}},"104":{"start":{"line":386,"column":19},"end":{"line":386,"column":21}},"105":{"start":{"line":389,"column":2},"end":{"line":393,"column":3}},"106":{"start":{"line":390,"column":4},"end":{"line":392,"column":5}},"107":{"start":{"line":391,"column":6},"end":{"line":391,"column":62}},"108":{"start":{"line":396,"column":2},"end":{"line":430,"column":3}},"109":{"start":{"line":397,"column":4},"end":{"line":429,"column":5}},"110":{"start":{"line":398,"column":20},"end":{"line":398,"column":46}},"111":{"start":{"line":399,"column":24},"end":{"line":399,"column":70}},"112":{"start":{"line":401,"column":6},"end":{"line":404,"column":7}},"113":{"start":{"line":402,"column":8},"end":{"line":402,"column":53}},"114":{"start":{"line":403,"column":8},"end":{"line":403,"column":17}},"115":{"start":{"line":406,"column":22},"end":{"line":406,"column":34}},"116":{"start":{"line":409,"column":6},"end":{"line":413,"column":7}},"117":{"start":{"line":410,"column":8},"end":{"line":412,"column":9}},"118":{"start":{"line":411,"column":10},"end":{"line":411,"column":84}},"119":{"start":{"line":416,"column":23},"end":{"line":416,"column":72}},"120":{"start":{"line":417,"column":6},"end":{"line":428,"column":7}},"121":{"start":{"line":417,"column":19},"end":{"line":417,"column":20}},"122":{"start":{"line":418,"column":20},"end":{"line":418,"column":31}},"123":{"start":{"line":419,"column":8},"end":{"line":427,"column":9}},"124":{"start":{"line":420,"column":27},"end":{"line":420,"column":51}},"125":{"start":{"line":421,"column":10},"end":{"line":426,"column":11}},"126":{"start":{"line":422,"column":26},"end":{"line":422,"column":39}},"127":{"start":{"line":423,"column":12},"end":{"line":425,"column":13}},"128":{"start":{"line":424,"column":14},"end":{"line":424,"column":130}},"129":{"start":{"line":432,"column":2},"end":{"line":438,"column":4}},"130":{"start":{"line":442,"column":24},"end":{"line":447,"column":3}},"131":{"start":{"line":449,"column":2},"end":{"line":465,"column":3}},"132":{"start":{"line":450,"column":18},"end":{"line":450,"column":44}},"133":{"start":{"line":451,"column":21},"end":{"line":451,"column":52}},"134":{"start":{"line":454,"column":23},"end":{"line":456,"column":16}},"135":{"start":{"line":458,"column":4},"end":{"line":462,"column":6}},"136":{"start":{"line":464,"column":4},"end":{"line":464,"column":52}},"137":{"start":{"line":468,"column":2},"end":{"line":468,"column":75}},"138":{"start":{"line":470,"column":2},"end":{"line":470,"column":23}},"139":{"start":{"line":474,"column":2},"end":{"line":480,"column":5}},"140":{"start":{"line":475,"column":22},"end":{"line":475,"column":24}},"141":{"start":{"line":476,"column":4},"end":{"line":478,"column":5}},"142":{"start":{"line":477,"column":6},"end":{"line":477,"column":56}},"143":{"start":{"line":479,"column":4},"end":{"line":479,"column":21}},"144":{"start":{"line":484,"column":18},"end":{"line":487,"column":3}},"145":{"start":{"line":489,"column":2},"end":{"line":500,"column":3}},"146":{"start":{"line":490,"column":23},"end":{"line":490,"column":61}},"147":{"start":{"line":491,"column":4},"end":{"line":499,"column":5}},"148":{"start":{"line":492,"column":23},"end":{"line":492,"column":76}},"149":{"start":{"line":492,"column":62},"end":{"line":492,"column":73}},"150":{"start":{"line":493,"column":22},"end":{"line":493,"column":74}},"151":{"start":{"line":493,"column":61},"end":{"line":493,"column":71}},"152":{"start":{"line":495,"column":6},"end":{"line":495,"column":47}},"153":{"start":{"line":496,"column":6},"end":{"line":496,"column":45}},"154":{"start":{"line":497,"column":6},"end":{"line":497,"column":34}},"155":{"start":{"line":498,"column":6},"end":{"line":498,"column":32}},"156":{"start":{"line":502,"column":2},"end":{"line":502,"column":17}},"157":{"start":{"line":506,"column":2},"end":{"line":515,"column":3}},"158":{"start":{"line":508,"column":6},"end":{"line":508,"column":39}},"159":{"start":{"line":510,"column":6},"end":{"line":510,"column":56}},"160":{"start":{"line":512,"column":6},"end":{"line":512,"column":40}},"161":{"start":{"line":514,"column":6},"end":{"line":514,"column":18}},"162":{"start":{"line":519,"column":23},"end":{"line":521,"column":3}},"163":{"start":{"line":522,"column":2},"end":{"line":522,"column":76}},"164":{"start":{"line":526,"column":2},"end":{"line":526,"column":72}},"165":{"start":{"line":530,"column":2},"end":{"line":539,"column":4}}},"fnMap":{"0":{"name":"(anonymous_0)","decl":{"start":{"line":39,"column":18},"end":{"line":39,"column":19}},"loc":{"start":{"line":39,"column":35},"end":{"line":85,"column":1}},"line":39},"1":{"name":"handleFileUpload","decl":{"start":{"line":87,"column":15},"end":{"line":87,"column":31}},"loc":{"start":{"line":87,"column":46},"end":{"line":148,"column":1}},"line":87},"2":{"name":"handleTemplateValidation","decl":{"start":{"line":150,"column":15},"end":{"line":150,"column":39}},"loc":{"start":{"line":150,"column":54},"end":{"line":208,"column":1}},"line":150},"3":{"name":"handleDataProcessing","decl":{"start":{"line":210,"column":15},"end":{"line":210,"column":35}},"loc":{"start":{"line":210,"column":50},"end":{"line":291,"column":1}},"line":210},"4":{"name":"handleGetTemplates","decl":{"start":{"line":293,"column":15},"end":{"line":293,"column":33}},"loc":{"start":{"line":293,"column":42},"end":{"line":314,"column":1}},"line":293},"5":{"name":"(anonymous_5)","decl":{"start":{"line":296,"column":56},"end":{"line":296,"column":57}},"loc":{"start":{"line":296,"column":73},"end":{"line":300,"column":5}},"line":296},"6":{"name":"handleGetProcessedData","decl":{"start":{"line":316,"column":15},"end":{"line":316,"column":37}},"loc":{"start":{"line":316,"column":57},"end":{"line":339,"column":1}},"line":316},"7":{"name":"handleGetProcessingHistory","decl":{"start":{"line":341,"column":15},"end":{"line":341,"column":41}},"loc":{"start":{"line":341,"column":50},"end":{"line":374,"column":1}},"line":341},"8":{"name":"(anonymous_8)","decl":{"start":{"line":352,"column":37},"end":{"line":352,"column":38}},"loc":{"start":{"line":352,"column":46},"end":{"line":360,"column":5}},"line":352},"9":{"name":"validateTemplate","decl":{"start":{"line":376,"column":9},"end":{"line":376,"column":25}},"loc":{"start":{"line":376,"column":50},"end":{"line":439,"column":1}},"line":376},"10":{"name":"processExcelData","decl":{"start":{"line":441,"column":9},"end":{"line":441,"column":25}},"loc":{"start":{"line":441,"column":70},"end":{"line":471,"column":1}},"line":441},"11":{"name":"applyMapping","decl":{"start":{"line":473,"column":9},"end":{"line":473,"column":21}},"loc":{"start":{"line":473,"column":37},"end":{"line":481,"column":1}},"line":473},"12":{"name":"(anonymous_12)","decl":{"start":{"line":474,"column":18},"end":{"line":474,"column":19}},"loc":{"start":{"line":474,"column":25},"end":{"line":480,"column":3}},"line":474},"13":{"name":"generateDataSummary","decl":{"start":{"line":483,"column":9},"end":{"line":483,"column":28}},"loc":{"start":{"line":483,"column":58},"end":{"line":503,"column":1}},"line":483},"14":{"name":"(anonymous_14)","decl":{"start":{"line":492,"column":55},"end":{"line":492,"column":56}},"loc":{"start":{"line":492,"column":62},"end":{"line":492,"column":73}},"line":492},"15":{"name":"(anonymous_15)","decl":{"start":{"line":493,"column":54},"end":{"line":493,"column":55}},"loc":{"start":{"line":493,"column":61},"end":{"line":493,"column":71}},"line":493},"16":{"name":"validateDataType","decl":{"start":{"line":505,"column":9},"end":{"line":505,"column":25}},"loc":{"start":{"line":505,"column":47},"end":{"line":516,"column":1}},"line":505},"17":{"name":"getTemplateDescription","decl":{"start":{"line":518,"column":9},"end":{"line":518,"column":31}},"loc":{"start":{"line":518,"column":46},"end":{"line":523,"column":1}},"line":518},"18":{"name":"generateId","decl":{"start":{"line":525,"column":9},"end":{"line":525,"column":19}},"loc":{"start":{"line":525,"column":22},"end":{"line":527,"column":1}},"line":525},"19":{"name":"createResponse","decl":{"start":{"line":529,"column":9},"end":{"line":529,"column":23}},"loc":{"start":{"line":529,"column":42},"end":{"line":540,"column":1}},"line":529}},"branchMap":{"0":{"loc":{"start":{"line":8,"column":24},"end":{"line":8,"column":72}},"type":"binary-expr","locations":[{"start":{"line":8,"column":24},"end":{"line":8,"column":51}},{"start":{"line":8,"column":55},"end":{"line":8,"column":72}}],"line":8},"1":{"loc":{"start":{"line":9,"column":29},"end":{"line":9,"column":87}},"type":"binary-expr","locations":[{"start":{"line":9,"column":29},"end":{"line":9,"column":61}},{"start":{"line":9,"column":65},"end":{"line":9,"column":87}}],"line":9},"2":{"loc":{"start":{"line":10,"column":25},"end":{"line":10,"column":81}},"type":"binary-expr","locations":[{"start":{"line":10,"column":25},"end":{"line":10,"column":53}},{"start":{"line":10,"column":57},"end":{"line":10,"column":81}}],"line":10},"3":{"loc":{"start":{"line":46,"column":4},"end":{"line":48,"column":5}},"type":"if","locations":[{"start":{"line":46,"column":4},"end":{"line":48,"column":5}},{"start":{},"end":{}}],"line":46},"4":{"loc":{"start":{"line":51,"column":4},"end":{"line":53,"column":5}},"type":"if","locations":[{"start":{"line":51,"column":4},"end":{"line":53,"column":5}},{"start":{},"end":{}}],"line":51},"5":{"loc":{"start":{"line":51,"column":8},"end":{"line":51,"column":57}},"type":"binary-expr","locations":[{"start":{"line":51,"column":8},"end":{"line":51,"column":29}},{"start":{"line":51,"column":33},"end":{"line":51,"column":57}}],"line":51},"6":{"loc":{"start":{"line":55,"column":4},"end":{"line":57,"column":5}},"type":"if","locations":[{"start":{"line":55,"column":4},"end":{"line":57,"column":5}},{"start":{},"end":{}}],"line":55},"7":{"loc":{"start":{"line":55,"column":8},"end":{"line":55,"column":59}},"type":"binary-expr","locations":[{"start":{"line":55,"column":8},"end":{"line":55,"column":29}},{"start":{"line":55,"column":33},"end":{"line":55,"column":59}}],"line":55},"8":{"loc":{"start":{"line":59,"column":4},"end":{"line":61,"column":5}},"type":"if","locations":[{"start":{"line":59,"column":4},"end":{"line":61,"column":5}},{"start":{},"end":{}}],"line":59},"9":{"loc":{"start":{"line":59,"column":8},"end":{"line":59,"column":58}},"type":"binary-expr","locations":[{"start":{"line":59,"column":8},"end":{"line":59,"column":29}},{"start":{"line":59,"column":33},"end":{"line":59,"column":58}}],"line":59},"10":{"loc":{"start":{"line":63,"column":4},"end":{"line":65,"column":5}},"type":"if","locations":[{"start":{"line":63,"column":4},"end":{"line":65,"column":5}},{"start":{},"end":{}}],"line":63},"11":{"loc":{"start":{"line":63,"column":8},"end":{"line":63,"column":59}},"type":"binary-expr","locations":[{"start":{"line":63,"column":8},"end":{"line":63,"column":28}},{"start":{"line":63,"column":32},"end":{"line":63,"column":59}}],"line":63},"12":{"loc":{"start":{"line":67,"column":4},"end":{"line":70,"column":5}},"type":"if","locations":[{"start":{"line":67,"column":4},"end":{"line":70,"column":5}},{"start":{},"end":{}}],"line":67},"13":{"loc":{"start":{"line":67,"column":8},"end":{"line":67,"column":68}},"type":"binary-expr","locations":[{"start":{"line":67,"column":8},"end":{"line":67,"column":28}},{"start":{"line":67,"column":32},"end":{"line":67,"column":68}}],"line":67},"14":{"loc":{"start":{"line":72,"column":4},"end":{"line":74,"column":5}},"type":"if","locations":[{"start":{"line":72,"column":4},"end":{"line":74,"column":5}},{"start":{},"end":{}}],"line":72},"15":{"loc":{"start":{"line":72,"column":8},"end":{"line":72,"column":57}},"type":"binary-expr","locations":[{"start":{"line":72,"column":8},"end":{"line":72,"column":28}},{"start":{"line":72,"column":32},"end":{"line":72,"column":57}}],"line":72},"16":{"loc":{"start":{"line":90,"column":2},"end":{"line":94,"column":3}},"type":"if","locations":[{"start":{"line":90,"column":2},"end":{"line":94,"column":3}},{"start":{},"end":{}}],"line":90},"17":{"loc":{"start":{"line":90,"column":6},"end":{"line":90,"column":48}},"type":"binary-expr","locations":[{"start":{"line":90,"column":6},"end":{"line":90,"column":15}},{"start":{"line":90,"column":19},"end":{"line":90,"column":31}},{"start":{"line":90,"column":35},"end":{"line":90,"column":48}}],"line":90},"18":{"loc":{"start":{"line":104,"column":4},"end":{"line":106,"column":5}},"type":"if","locations":[{"start":{"line":104,"column":4},"end":{"line":106,"column":5}},{"start":{},"end":{}}],"line":104},"19":{"loc":{"start":{"line":104,"column":8},"end":{"line":104,"column":64}},"type":"binary-expr","locations":[{"start":{"line":104,"column":8},"end":{"line":104,"column":28}},{"start":{"line":104,"column":32},"end":{"line":104,"column":64}}],"line":104},"20":{"loc":{"start":{"line":153,"column":2},"end":{"line":157,"column":3}},"type":"if","locations":[{"start":{"line":153,"column":2},"end":{"line":157,"column":3}},{"start":{},"end":{}}],"line":153},"21":{"loc":{"start":{"line":153,"column":6},"end":{"line":153,"column":32}},"type":"binary-expr","locations":[{"start":{"line":153,"column":6},"end":{"line":153,"column":15}},{"start":{"line":153,"column":19},"end":{"line":153,"column":32}}],"line":153},"22":{"loc":{"start":{"line":166,"column":4},"end":{"line":168,"column":5}},"type":"if","locations":[{"start":{"line":166,"column":4},"end":{"line":168,"column":5}},{"start":{},"end":{}}],"line":166},"23":{"loc":{"start":{"line":166,"column":8},"end":{"line":166,"column":65}},"type":"binary-expr","locations":[{"start":{"line":166,"column":8},"end":{"line":166,"column":26}},{"start":{"line":166,"column":30},"end":{"line":166,"column":65}}],"line":166},"24":{"loc":{"start":{"line":189,"column":19},"end":{"line":189,"column":79}},"type":"cond-expr","locations":[{"start":{"line":189,"column":46},"end":{"line":189,"column":57}},{"start":{"line":189,"column":60},"end":{"line":189,"column":79}}],"line":189},"25":{"loc":{"start":{"line":213,"column":2},"end":{"line":215,"column":3}},"type":"if","locations":[{"start":{"line":213,"column":2},"end":{"line":215,"column":3}},{"start":{},"end":{}}],"line":213},"26":{"loc":{"start":{"line":224,"column":4},"end":{"line":226,"column":5}},"type":"if","locations":[{"start":{"line":224,"column":4},"end":{"line":226,"column":5}},{"start":{},"end":{}}],"line":224},"27":{"loc":{"start":{"line":224,"column":8},"end":{"line":224,"column":65}},"type":"binary-expr","locations":[{"start":{"line":224,"column":8},"end":{"line":224,"column":26}},{"start":{"line":224,"column":30},"end":{"line":224,"column":65}}],"line":224},"28":{"loc":{"start":{"line":230,"column":4},"end":{"line":235,"column":5}},"type":"if","locations":[{"start":{"line":230,"column":4},"end":{"line":235,"column":5}},{"start":{},"end":{}}],"line":230},"29":{"loc":{"start":{"line":254,"column":21},"end":{"line":254,"column":40}},"type":"binary-expr","locations":[{"start":{"line":254,"column":21},"end":{"line":254,"column":34}},{"start":{"line":254,"column":38},"end":{"line":254,"column":40}}],"line":254},"30":{"loc":{"start":{"line":323,"column":4},"end":{"line":325,"column":5}},"type":"if","locations":[{"start":{"line":323,"column":4},"end":{"line":325,"column":5}},{"start":{},"end":{}}],"line":323},"31":{"loc":{"start":{"line":323,"column":8},"end":{"line":323,"column":53}},"type":"binary-expr","locations":[{"start":{"line":323,"column":8},"end":{"line":323,"column":20}},{"start":{"line":323,"column":24},"end":{"line":323,"column":53}}],"line":323},"32":{"loc":{"start":{"line":378,"column":2},"end":{"line":383,"column":3}},"type":"if","locations":[{"start":{"line":378,"column":2},"end":{"line":383,"column":3}},{"start":{},"end":{}}],"line":378},"33":{"loc":{"start":{"line":390,"column":4},"end":{"line":392,"column":5}},"type":"if","locations":[{"start":{"line":390,"column":4},"end":{"line":392,"column":5}},{"start":{},"end":{}}],"line":390},"34":{"loc":{"start":{"line":397,"column":4},"end":{"line":429,"column":5}},"type":"if","locations":[{"start":{"line":397,"column":4},"end":{"line":429,"column":5}},{"start":{},"end":{}}],"line":397},"35":{"loc":{"start":{"line":401,"column":6},"end":{"line":404,"column":7}},"type":"if","locations":[{"start":{"line":401,"column":6},"end":{"line":404,"column":7}},{"start":{},"end":{}}],"line":401},"36":{"loc":{"start":{"line":410,"column":8},"end":{"line":412,"column":9}},"type":"if","locations":[{"start":{"line":410,"column":8},"end":{"line":412,"column":9}},{"start":{},"end":{}}],"line":410},"37":{"loc":{"start":{"line":421,"column":10},"end":{"line":426,"column":11}},"type":"if","locations":[{"start":{"line":421,"column":10},"end":{"line":426,"column":11}},{"start":{},"end":{}}],"line":421},"38":{"loc":{"start":{"line":421,"column":14},"end":{"line":421,"column":60}},"type":"binary-expr","locations":[{"start":{"line":421,"column":14},"end":{"line":421,"column":29}},{"start":{"line":421,"column":33},"end":{"line":421,"column":60}}],"line":421},"39":{"loc":{"start":{"line":423,"column":12},"end":{"line":425,"column":13}},"type":"if","locations":[{"start":{"line":423,"column":12},"end":{"line":425,"column":13}},{"start":{},"end":{}}],"line":423},"40":{"loc":{"start":{"line":441,"column":50},"end":{"line":441,"column":68}},"type":"default-arg","locations":[{"start":{"line":441,"column":66},"end":{"line":441,"column":68}}],"line":441},"41":{"loc":{"start":{"line":454,"column":23},"end":{"line":456,"column":16}},"type":"cond-expr","locations":[{"start":{"line":455,"column":8},"end":{"line":455,"column":56}},{"start":{"line":456,"column":8},"end":{"line":456,"column":16}}],"line":454},"42":{"loc":{"start":{"line":461,"column":27},"end":{"line":461,"column":46}},"type":"binary-expr","locations":[{"start":{"line":461,"column":27},"end":{"line":461,"column":40}},{"start":{"line":461,"column":44},"end":{"line":461,"column":46}}],"line":461},"43":{"loc":{"start":{"line":477,"column":31},"end":{"line":477,"column":55}},"type":"binary-expr","locations":[{"start":{"line":477,"column":31},"end":{"line":477,"column":47}},{"start":{"line":477,"column":51},"end":{"line":477,"column":55}}],"line":477},"44":{"loc":{"start":{"line":489,"column":2},"end":{"line":500,"column":3}},"type":"if","locations":[{"start":{"line":489,"column":2},"end":{"line":500,"column":3}},{"start":{},"end":{}}],"line":489},"45":{"loc":{"start":{"line":491,"column":4},"end":{"line":499,"column":5}},"type":"if","locations":[{"start":{"line":491,"column":4},"end":{"line":499,"column":5}},{"start":{},"end":{}}],"line":491},"46":{"loc":{"start":{"line":506,"column":2},"end":{"line":515,"column":3}},"type":"switch","locations":[{"start":{"line":507,"column":4},"end":{"line":508,"column":39}},{"start":{"line":509,"column":4},"end":{"line":510,"column":56}},{"start":{"line":511,"column":4},"end":{"line":512,"column":40}},{"start":{"line":513,"column":4},"end":{"line":514,"column":18}}],"line":506},"47":{"loc":{"start":{"line":510,"column":13},"end":{"line":510,"column":55}},"type":"binary-expr","locations":[{"start":{"line":510,"column":13},"end":{"line":510,"column":38}},{"start":{"line":510,"column":42},"end":{"line":510,"column":55}}],"line":510},"48":{"loc":{"start":{"line":522,"column":9},"end":{"line":522,"column":75}},"type":"binary-expr","locations":[{"start":{"line":522,"column":9},"end":{"line":522,"column":35}},{"start":{"line":522,"column":39},"end":{"line":522,"column":75}}],"line":522}},"s":{"0":1,"1":1,"2":1,"3":1,"4":1,"5":1,"6":1,"7":1,"8":1,"9":1,"10":15,"11":15,"12":15,"13":15,"14":15,"15":1,"16":14,"17":4,"18":10,"19":3,"20":7,"21":2,"22":5,"23":1,"24":4,"25":2,"26":2,"27":2,"28":1,"29":1,"30":0,"31":0,"32":4,"33":4,"34":1,"35":3,"36":3,"37":3,"38":3,"39":1,"40":2,"41":2,"42":2,"43":2,"44":2,"45":0,"46":0,"47":3,"48":3,"49":0,"50":3,"51":3,"52":3,"53":0,"54":0,"55":0,"56":0,"57":0,"58":0,"59":3,"60":3,"61":2,"62":2,"63":0,"64":2,"65":2,"66":2,"67":0,"68":0,"69":0,"70":0,"71":0,"72":0,"73":0,"74":0,"75":0,"76":0,"77":0,"78":2,"79":2,"80":1,"81":1,"82":1,"83":1,"84":0,"85":0,"86":2,"87":2,"88":2,"89":0,"90":0,"91":2,"92":2,"93":1,"94":1,"95":1,"96":0,"97":0,"98":1,"99":1,"100":0,"101":0,"102":0,"103":0,"104":0,"105":0,"106":0,"107":0,"108":0,"109":0,"110":0,"111":0,"112":0,"113":0,"114":0,"115":0,"116":0,"117":0,"118":0,"119":0,"120":0,"121":0,"122":0,"123":0,"124":0,"125":0,"126":0,"127":0,"128":0,"129":0,"130":0,"131":0,"132":0,"133":0,"134":0,"135":0,"136":0,"137":0,"138":0,"139":0,"140":0,"141":0,"142":0,"143":0,"144":0,"145":0,"146":0,"147":0,"148":0,"149":0,"150":0,"151":0,"152":0,"153":0,"154":0,"155":0,"156":0,"157":0,"158":0,"159":0,"160":0,"161":0,"162":1,"163":1,"164":2,"165":15},"f":{"0":15,"1":4,"2":3,"3":2,"4":1,"5":1,"6":2,"7":1,"8":0,"9":0,"10":0,"11":0,"12":0,"13":0,"14":0,"15":0,"16":0,"17":1,"18":2,"19":15},"b":{"0":[1,1],"1":[1,1],"2":[1,1],"3":[1,14],"4":[4,10],"5":[14,9],"6":[3,7],"7":[10,5],"8":[2,5],"9":[7,2],"10":[1,4],"11":[5,5],"12":[2,2],"13":[4,4],"14":[1,1],"15":[2,2],"16":[1,3],"17":[4,4,3],"18":[1,2],"19":[3,3],"20":[0,3],"21":[3,3],"22":[0,0],"23":[3,0],"24":[0,0],"25":[0,2],"26":[0,0],"27":[2,0],"28":[0,0],"29":[0,0],"30":[0,0],"31":[2,0],"32":[0,0],"33":[0,0],"34":[0,0],"35":[0,0],"36":[0,0],"37":[0,0],"38":[0,0],"39":[0,0],"40":[0],"41":[0,0],"42":[0,0],"43":[0,0],"44":[0,0],"45":[0,0],"46":[0,0,0,0],"47":[0,0],"48":[1,0]},"_coverageSchema":"1a1c01bbd47fc00a2c39e90264f33305004495a9","hash":"377a07dd691a94a5fa21d9a2935887eb7ab0dce7"}
}
