TN:
SF:src/index.js
FN:39,(anonymous_0)
FN:87,handleFileUpload
FN:150,handleTemplateValidation
FN:210,handleDataProcessing
FN:293,handleGetTemplates
FN:296,(anonymous_5)
FN:316,handleGetProcessedData
FN:341,handleGetProcessingHistory
FN:352,(anonymous_8)
FN:376,validateTemplate
FN:441,processExcelData
FN:473,applyMapping
FN:474,(anonymous_12)
FN:483,generateDataSummary
FN:492,(anonymous_14)
FN:493,(anonymous_15)
FN:505,validateDataType
FN:518,getTemplateDescription
FN:525,generateId
FN:529,createResponse
FNF:20
FNH:11
FNDA:15,(anonymous_0)
FNDA:4,handleFileUpload
FNDA:3,handleTemplateValidation
FNDA:2,handleDataProcessing
FNDA:1,handleGetTemplates
FNDA:1,(anonymous_5)
FNDA:2,handleGetProcessedData
FNDA:1,handleGetProcessingHistory
FNDA:0,(anonymous_8)
FNDA:0,validateTemplate
FNDA:0,processExcelData
FNDA:0,applyMapping
FNDA:0,(anonymous_12)
FNDA:0,generateDataSummary
FNDA:0,(anonymous_14)
FNDA:0,(anonymous_15)
FNDA:0,validateDataType
FNDA:1,getTemplateDescription
FNDA:2,generateId
FNDA:15,createResponse
DA:1,1
DA:2,1
DA:4,1
DA:5,1
DA:6,1
DA:8,1
DA:9,1
DA:10,1
DA:13,1
DA:39,1
DA:40,15
DA:42,15
DA:43,15
DA:44,15
DA:46,15
DA:47,1
DA:51,14
DA:52,4
DA:55,10
DA:56,3
DA:59,7
DA:60,2
DA:63,5
DA:64,1
DA:67,4
DA:68,2
DA:69,2
DA:72,2
DA:73,1
DA:76,1
DA:79,0
DA:80,0
DA:88,4
DA:90,4
DA:91,1
DA:96,3
DA:98,3
DA:101,3
DA:104,3
DA:105,1
DA:109,2
DA:110,2
DA:118,2
DA:129,2
DA:134,2
DA:142,0
DA:143,0
DA:151,3
DA:153,3
DA:154,0
DA:159,3
DA:161,3
DA:166,3
DA:167,0
DA:171,0
DA:177,0
DA:180,0
DA:183,0
DA:195,0
DA:202,3
DA:203,3
DA:211,2
DA:213,2
DA:214,0
DA:217,2
DA:219,2
DA:224,2
DA:225,0
DA:228,0
DA:230,0
DA:231,0
DA:238,0
DA:244,0
DA:245,0
DA:248,0
DA:259,0
DA:265,0
DA:277,0
DA:285,2
DA:286,2
DA:294,1
DA:296,1
DA:302,1
DA:308,0
DA:309,0
DA:317,2
DA:318,2
DA:323,2
DA:324,0
DA:327,0
DA:333,2
DA:334,2
DA:342,1
DA:343,1
DA:352,1
DA:362,0
DA:368,1
DA:369,1
DA:377,0
DA:378,0
DA:379,0
DA:385,0
DA:386,0
DA:389,0
DA:390,0
DA:391,0
DA:396,0
DA:397,0
DA:398,0
DA:399,0
DA:401,0
DA:402,0
DA:403,0
DA:406,0
DA:409,0
DA:410,0
DA:411,0
DA:416,0
DA:417,0
DA:418,0
DA:419,0
DA:420,0
DA:421,0
DA:422,0
DA:423,0
DA:424,0
DA:432,0
DA:442,0
DA:449,0
DA:450,0
DA:451,0
DA:454,0
DA:458,0
DA:464,0
DA:468,0
DA:470,0
DA:474,0
DA:475,0
DA:476,0
DA:477,0
DA:479,0
DA:484,0
DA:489,0
DA:490,0
DA:491,0
DA:492,0
DA:493,0
DA:495,0
DA:496,0
DA:497,0
DA:498,0
DA:502,0
DA:506,0
DA:508,0
DA:510,0
DA:512,0
DA:514,0
DA:519,1
DA:522,1
DA:526,2
DA:530,15
LF:161
LH:74
BRDA:8,0,0,1
BRDA:8,0,1,1
BRDA:9,1,0,1
BRDA:9,1,1,1
BRDA:10,2,0,1
BRDA:10,2,1,1
BRDA:46,3,0,1
BRDA:46,3,1,14
BRDA:51,4,0,4
BRDA:51,4,1,10
BRDA:51,5,0,14
BRDA:51,5,1,9
BRDA:55,6,0,3
BRDA:55,6,1,7
BRDA:55,7,0,10
BRDA:55,7,1,5
BRDA:59,8,0,2
BRDA:59,8,1,5
BRDA:59,9,0,7
BRDA:59,9,1,2
BRDA:63,10,0,1
BRDA:63,10,1,4
BRDA:63,11,0,5
BRDA:63,11,1,5
BRDA:67,12,0,2
BRDA:67,12,1,2
BRDA:67,13,0,4
BRDA:67,13,1,4
BRDA:72,14,0,1
BRDA:72,14,1,1
BRDA:72,15,0,2
BRDA:72,15,1,2
BRDA:90,16,0,1
BRDA:90,16,1,3
BRDA:90,17,0,4
BRDA:90,17,1,4
BRDA:90,17,2,3
BRDA:104,18,0,1
BRDA:104,18,1,2
BRDA:104,19,0,3
BRDA:104,19,1,3
BRDA:153,20,0,0
BRDA:153,20,1,3
BRDA:153,21,0,3
BRDA:153,21,1,3
BRDA:166,22,0,0
BRDA:166,22,1,0
BRDA:166,23,0,3
BRDA:166,23,1,0
BRDA:189,24,0,0
BRDA:189,24,1,0
BRDA:213,25,0,0
BRDA:213,25,1,2
BRDA:224,26,0,0
BRDA:224,26,1,0
BRDA:224,27,0,2
BRDA:224,27,1,0
BRDA:230,28,0,0
BRDA:230,28,1,0
BRDA:254,29,0,0
BRDA:254,29,1,0
BRDA:323,30,0,0
BRDA:323,30,1,0
BRDA:323,31,0,2
BRDA:323,31,1,0
BRDA:378,32,0,0
BRDA:378,32,1,0
BRDA:390,33,0,0
BRDA:390,33,1,0
BRDA:397,34,0,0
BRDA:397,34,1,0
BRDA:401,35,0,0
BRDA:401,35,1,0
BRDA:410,36,0,0
BRDA:410,36,1,0
BRDA:421,37,0,0
BRDA:421,37,1,0
BRDA:421,38,0,0
BRDA:421,38,1,0
BRDA:423,39,0,0
BRDA:423,39,1,0
BRDA:441,40,0,0
BRDA:454,41,0,0
BRDA:454,41,1,0
BRDA:461,42,0,0
BRDA:461,42,1,0
BRDA:477,43,0,0
BRDA:477,43,1,0
BRDA:489,44,0,0
BRDA:489,44,1,0
BRDA:491,45,0,0
BRDA:491,45,1,0
BRDA:506,46,0,0
BRDA:506,46,1,0
BRDA:506,46,2,0
BRDA:506,46,3,0
BRDA:510,47,0,0
BRDA:510,47,1,0
BRDA:522,48,0,1
BRDA:522,48,1,0
BRF:100
BRH:49
end_of_record
